<?xml version="1.0" encoding="UTF-8"?>
<testsuite xmlns:xsi="http://www.w3.org/2001/XMLSchema-instance" xsi:noNamespaceSchemaLocation="https://maven.apache.org/surefire/maven-surefire-plugin/xsd/surefire-test-report.xsd" name="com.meva.finance.ApplicationTest" time="8.03" tests="1" errors="1" skipped="0" failures="0">
  <properties>
[...]
</properties>
  <testcase name="main" classname="com.meva.finance.ApplicationTest" time="0.009">
    <error message="Failed to load ApplicationContext" type="java.lang.IllegalStateException">java.lang.IllegalStateException: Failed to load ApplicationContext
Caused by: org.springframework.beans.factory.UnsatisfiedDependencyException: Error creating bean with name 'subCategoryRequest' defined in file [/home/cristian/workspace/meva/projeto-meva-category/target/classes/com/meva/finance/dto/request/SubCategoryRequest.class]: Unsatisfied dependency expressed through constructor parameter 0; nested exception is org.springframework.beans.factory.NoSuchBeanDefinitionException: No qualifying bean of type 'java.lang.String' available: expected at least 1 bean which qualifies as autowire candidate. Dependency annotations: {}
Caused by: org.springframework.beans.factory.NoSuchBeanDefinitionException: No qualifying bean of type 'java.lang.String' available: expected at least 1 bean which qualifies as autowire candidate. Dependency annotations: {}
</error>
    <system-out><![CDATA[16:03:29.853 [main] DEBUG org.springframework.test.context.BootstrapUtils - Instantiating CacheAwareContextLoaderDelegate from class [org.springframework.test.context.cache.DefaultCacheAwareContextLoaderDelegate]
16:03:29.882 [main] DEBUG org.springframework.test.context.BootstrapUtils - Instantiating BootstrapContext using constructor [public org.springframework.test.context.support.DefaultBootstrapContext(java.lang.Class,org.springframework.test.context.CacheAwareContextLoaderDelegate)]
16:03:29.951 [main] DEBUG org.springframework.test.context.BootstrapUtils - Instantiating TestContextBootstrapper for test class [com.meva.finance.ApplicationTest] from class [org.springframework.boot.test.context.SpringBootTestContextBootstrapper]
16:03:29.982 [main] INFO org.springframework.boot.test.context.SpringBootTestContextBootstrapper - Neither @ContextConfiguration nor @ContextHierarchy found for test class [com.meva.finance.ApplicationTest], using SpringBootContextLoader
16:03:29.990 [main] DEBUG org.springframework.test.context.support.AbstractContextLoader - Did not detect default resource location for test class [com.meva.finance.ApplicationTest]: class path resource [com/meva/finance/ApplicationTest-context.xml] does not exist
16:03:29.991 [main] DEBUG org.springframework.test.context.support.AbstractContextLoader - Did not detect default resource location for test class [com.meva.finance.ApplicationTest]: class path resource [com/meva/finance/ApplicationTestContext.groovy] does not exist
16:03:29.991 [main] INFO org.springframework.test.context.support.AbstractContextLoader - Could not detect default resource locations for test class [com.meva.finance.ApplicationTest]: no resource found for suffixes {-context.xml, Context.groovy}.
16:03:29.992 [main] INFO org.springframework.test.context.support.AnnotationConfigContextLoaderUtils - Could not detect default configuration classes for test class [com.meva.finance.ApplicationTest]: ApplicationTest does not declare any static, non-private, non-final, nested classes annotated with @Configuration.
16:03:30.054 [main] DEBUG org.springframework.test.context.support.ActiveProfilesUtils - Could not find an 'annotation declaring class' for annotation type [org.springframework.test.context.ActiveProfiles] and class [com.meva.finance.ApplicationTest]
16:03:30.191 [main] DEBUG org.springframework.context.annotation.ClassPathScanningCandidateComponentProvider - Identified candidate component class: file [/home/cristian/workspace/meva/projeto-meva-category/target/classes/com/meva/finance/Application.class]
16:03:30.192 [main] INFO org.springframework.boot.test.context.SpringBootTestContextBootstrapper - Found @SpringBootConfiguration com.meva.finance.Application for test class com.meva.finance.ApplicationTest
16:03:30.364 [main] DEBUG org.springframework.boot.test.context.SpringBootTestContextBootstrapper - @TestExecutionListeners is not present for class [com.meva.finance.ApplicationTest]: using defaults.
16:03:30.364 [main] INFO org.springframework.boot.test.context.SpringBootTestContextBootstrapper - Loaded default TestExecutionListener class names from location [META-INF/spring.factories]: [org.springframework.boot.test.mock.mockito.MockitoTestExecutionListener, org.springframework.boot.test.mock.mockito.ResetMocksTestExecutionListener, org.springframework.boot.test.autoconfigure.restdocs.RestDocsTestExecutionListener, org.springframework.boot.test.autoconfigure.web.client.MockRestServiceServerResetTestExecutionListener, org.springframework.boot.test.autoconfigure.web.servlet.MockMvcPrintOnlyOnFailureTestExecutionListener, org.springframework.boot.test.autoconfigure.web.servlet.WebDriverTestExecutionListener, org.springframework.test.context.web.ServletTestExecutionListener, org.springframework.test.context.support.DirtiesContextBeforeModesTestExecutionListener, org.springframework.test.context.support.DependencyInjectionTestExecutionListener, org.springframework.test.context.support.DirtiesContextTestExecutionListener, org.springframework.test.context.transaction.TransactionalTestExecutionListener, org.springframework.test.context.jdbc.SqlScriptsTestExecutionListener, org.springframework.test.context.event.EventPublishingTestExecutionListener]
16:03:30.394 [main] INFO org.springframework.boot.test.context.SpringBootTestContextBootstrapper - Using TestExecutionListeners: [org.springframework.test.context.web.ServletTestExecutionListener@184dbacc, org.springframework.test.context.support.DirtiesContextBeforeModesTestExecutionListener@2aeefcc, org.springframework.boot.test.mock.mockito.MockitoTestExecutionListener@359ff4d9, org.springframework.boot.test.autoconfigure.SpringBootDependencyInjectionTestExecutionListener@7a22a3c2, org.springframework.test.context.support.DirtiesContextTestExecutionListener@f4cfd90, org.springframework.test.context.transaction.TransactionalTestExecutionListener@7ae9a33a, org.springframework.test.context.jdbc.SqlScriptsTestExecutionListener@301aa982, org.springframework.test.context.event.EventPublishingTestExecutionListener@5fc930f0, org.springframework.boot.test.mock.mockito.ResetMocksTestExecutionListener@3701e6e4, org.springframework.boot.test.autoconfigure.restdocs.RestDocsTestExecutionListener@c6634d, org.springframework.boot.test.autoconfigure.web.client.MockRestServiceServerResetTestExecutionListener@65f58c6e, org.springframework.boot.test.autoconfigure.web.servlet.MockMvcPrintOnlyOnFailureTestExecutionListener@73ad7e90, org.springframework.boot.test.autoconfigure.web.servlet.WebDriverTestExecutionListener@4ba380c7]
16:03:30.399 [main] DEBUG org.springframework.test.context.support.AbstractDirtiesContextTestExecutionListener - Before test class: context [DefaultTestContext@3ece1e79 testClass = ApplicationTest, testInstance = [null], testMethod = [null], testException = [null], mergedContextConfiguration = [WebMergedContextConfiguration@ab20d7c testClass = ApplicationTest, locations = '{}', classes = '{class com.meva.finance.Application}', contextInitializerClasses = '[]', activeProfiles = '{}', propertySourceLocations = '{}', propertySourceProperties = '{org.springframework.boot.test.context.SpringBootTestContextBootstrapper=true}', contextCustomizers = set[org.springframework.boot.test.context.filter.ExcludeFilterContextCustomizer@1bdf8190, org.springframework.boot.test.json.DuplicateJsonObjectContextCustomizerFactory$DuplicateJsonObjectContextCustomizer@6b5176f2, org.springframework.boot.test.mock.mockito.MockitoContextCustomizer@0, org.springframework.boot.test.web.client.TestRestTemplateContextCustomizer@372ea2bc, org.springframework.boot.test.autoconfigure.properties.PropertyMappingContextCustomizer@0, org.springframework.boot.test.autoconfigure.web.servlet.WebDriverContextCustomizerFactory$Customizer@770d0ea6], resourceBasePath = 'src/main/webapp', contextLoader = 'org.springframework.boot.test.context.SpringBootContextLoader', parent = [null]], attributes = map['org.springframework.test.context.web.ServletTestExecutionListener.activateListener' -> true]], class annotated with @DirtiesContext [false] with mode [null].
16:03:30.437 [main] DEBUG org.springframework.test.context.support.TestPropertySourceUtils - Adding inlined properties to environment: {spring.jmx.enabled=false, org.springframework.boot.test.context.SpringBootTestContextBootstrapper=true, server.port=-1}

  .   ____          _            __ _ _
 /\\ / ___'_ __ _ _(_)_ __  __ _ \ \ \ \
( ( )\___ | '_ | '_| | '_ \/ _` | \ \ \ \
 \\/  ___)| |_)| | | | | || (_| |  ) ) ) )
  '  |____| .__|_| |_|_| |_\__, | / / / /
 =========|_|==============|___/=/_/_/_/
 :: Spring Boot ::        (v2.2.4.RELEASE)

2023-08-02 16:03:30,986 DEBUG org.hibernate.validator.internal.engine.ValidatorFactoryConfigurationHelper : HV000252: Using org.hibernate.validator.internal.engine.DefaultPropertyNodeNameProvider as property node name provider.
2023-08-02 16:03:31,004 DEBUG org.hibernate.validator.internal.engine.ValidatorFactoryConfigurationHelper : HV000234: Using org.hibernate.validator.messageinterpolation.ResourceBundleMessageInterpolator as ValidatorFactory-scoped message interpolator.
2023-08-02 16:03:31,005 DEBUG org.hibernate.validator.internal.engine.ValidatorFactoryConfigurationHelper : HV000234: Using org.hibernate.validator.internal.engine.resolver.JPATraversableResolver as ValidatorFactory-scoped traversable resolver.
2023-08-02 16:03:31,005 DEBUG org.hibernate.validator.internal.engine.ValidatorFactoryConfigurationHelper : HV000234: Using org.hibernate.validator.internal.util.ExecutableParameterNameProvider as ValidatorFactory-scoped parameter name provider.
2023-08-02 16:03:31,005 DEBUG org.hibernate.validator.internal.engine.ValidatorFactoryConfigurationHelper : HV000234: Using org.hibernate.validator.internal.engine.DefaultClockProvider as ValidatorFactory-scoped clock provider.
2023-08-02 16:03:31,005 DEBUG org.hibernate.validator.internal.engine.ValidatorFactoryConfigurationHelper : HV000234: Using org.hibernate.validator.internal.engine.scripting.DefaultScriptEvaluatorFactory as ValidatorFactory-scoped script evaluator factory.
2023-08-02 16:03:31,147 INFO  com.meva.finance.ApplicationTest : Starting ApplicationTest on cristian-desktop with PID 19078 (started by cristian in /home/cristian/workspace/meva/projeto-meva-category)
2023-08-02 16:03:31,149 INFO  com.meva.finance.ApplicationTest : The following profiles are active: development
2023-08-02 16:03:32,881 INFO  org.springframework.data.repository.config.RepositoryConfigurationDelegate : Bootstrapping Spring Data JPA repositories in DEFAULT mode.
2023-08-02 16:03:32,970 INFO  org.springframework.data.repository.config.RepositoryConfigurationDelegate : Finished Spring Data repository scanning in 79ms. Found 2 JPA repository interfaces.
2023-08-02 16:03:33,619 INFO  org.springframework.context.support.PostProcessorRegistrationDelegate$BeanPostProcessorChecker : Bean 'org.springframework.transaction.annotation.ProxyTransactionManagementConfiguration' of type [org.springframework.transaction.annotation.ProxyTransactionManagementConfiguration] is not eligible for getting processed by all BeanPostProcessors (for example: not eligible for auto-proxying)
2023-08-02 16:03:33,998 DEBUG org.hibernate.jpa.internal.util.LogHelper : PersistenceUnitInfo [
	name: default
	persistence provider classname: null
	classloader: jdk.internal.loader.ClassLoaders$AppClassLoader@251a69d7
	excludeUnlistedClasses: true
	JTA datasource: null
	Non JTA datasource: HikariDataSource (null)
	Transaction type: RESOURCE_LOCAL
	PU root URL: file:/home/cristian/workspace/meva/projeto-meva-category/target/test-classes/
	Shared Cache Mode: UNSPECIFIED
	Validation Mode: AUTO
	Jar files URLs []
	Managed classes names [
		com.meva.finance.entity.Category
		com.meva.finance.entity.SubCategory]
	Mapping files names []
	Properties []
2023-08-02 16:03:34,034 DEBUG org.hibernate.integrator.internal.IntegratorServiceImpl : Adding Integrator [org.hibernate.cfg.beanvalidation.BeanValidationIntegrator].
2023-08-02 16:03:34,036 DEBUG org.hibernate.integrator.internal.IntegratorServiceImpl : Adding Integrator [org.hibernate.secure.spi.JaccIntegrator].
2023-08-02 16:03:34,039 DEBUG org.hibernate.integrator.internal.IntegratorServiceImpl : Adding Integrator [org.hibernate.cache.internal.CollectionCacheInvalidator].
2023-08-02 16:03:34,167 INFO  org.hibernate.Version : HHH000412: Hibernate Core {5.4.10.Final}
2023-08-02 16:03:34,169 DEBUG org.hibernate.cfg.Environment : HHH000206: hibernate.properties not found
2023-08-02 16:03:34,358 DEBUG org.hibernate.service.spi.ServiceBinding : Overriding existing service binding [org.hibernate.secure.spi.JaccService]
2023-08-02 16:03:34,382 DEBUG org.hibernate.cache.internal.RegionFactoryInitiator : Cannot default RegionFactory based on registered strategies as `[]` RegionFactory strategies were registered
2023-08-02 16:03:34,384 DEBUG org.hibernate.cache.internal.RegionFactoryInitiator : Cache region factory : org.hibernate.cache.internal.NoCachingRegionFactory
2023-08-02 16:03:34,410 INFO  org.hibernate.annotations.common.Version : HCANN000001: Hibernate Commons Annotations {5.1.0.Final}
2023-08-02 16:03:34,487 DEBUG org.hibernate.type.BasicTypeRegistry : Adding type registration boolean -> org.hibernate.type.BooleanType@6af6a3b
2023-08-02 16:03:34,488 DEBUG org.hibernate.type.BasicTypeRegistry : Adding type registration boolean -> org.hibernate.type.BooleanType@6af6a3b
2023-08-02 16:03:34,488 DEBUG org.hibernate.type.BasicTypeRegistry : Adding type registration java.lang.Boolean -> org.hibernate.type.BooleanType@6af6a3b
2023-08-02 16:03:34,489 DEBUG org.hibernate.type.BasicTypeRegistry : Adding type registration numeric_boolean -> org.hibernate.type.NumericBooleanType@7f8614ce
2023-08-02 16:03:34,490 DEBUG org.hibernate.type.BasicTypeRegistry : Adding type registration true_false -> org.hibernate.type.TrueFalseType@5a318745
2023-08-02 16:03:34,491 DEBUG org.hibernate.type.BasicTypeRegistry : Adding type registration yes_no -> org.hibernate.type.YesNoType@1b13e4fb
2023-08-02 16:03:34,493 DEBUG org.hibernate.type.BasicTypeRegistry : Adding type registration byte -> org.hibernate.type.ByteType@194feb27
2023-08-02 16:03:34,494 DEBUG org.hibernate.type.BasicTypeRegistry : Adding type registration byte -> org.hibernate.type.ByteType@194feb27
2023-08-02 16:03:34,494 DEBUG org.hibernate.type.BasicTypeRegistry : Adding type registration java.lang.Byte -> org.hibernate.type.ByteType@194feb27
2023-08-02 16:03:34,496 DEBUG org.hibernate.type.BasicTypeRegistry : Adding type registration character -> org.hibernate.type.CharacterType@1e8f20bf
2023-08-02 16:03:34,496 DEBUG org.hibernate.type.BasicTypeRegistry : Adding type registration char -> org.hibernate.type.CharacterType@1e8f20bf
2023-08-02 16:03:34,496 DEBUG org.hibernate.type.BasicTypeRegistry : Adding type registration java.lang.Character -> org.hibernate.type.CharacterType@1e8f20bf
2023-08-02 16:03:34,498 DEBUG org.hibernate.type.BasicTypeRegistry : Adding type registration short -> org.hibernate.type.ShortType@24663d05
2023-08-02 16:03:34,498 DEBUG org.hibernate.type.BasicTypeRegistry : Adding type registration short -> org.hibernate.type.ShortType@24663d05
2023-08-02 16:03:34,498 DEBUG org.hibernate.type.BasicTypeRegistry : Adding type registration java.lang.Short -> org.hibernate.type.ShortType@24663d05
2023-08-02 16:03:34,500 DEBUG org.hibernate.type.BasicTypeRegistry : Adding type registration integer -> org.hibernate.type.IntegerType@37acf9b1
2023-08-02 16:03:34,501 DEBUG org.hibernate.type.BasicTypeRegistry : Adding type registration int -> org.hibernate.type.IntegerType@37acf9b1
2023-08-02 16:03:34,501 DEBUG org.hibernate.type.BasicTypeRegistry : Adding type registration java.lang.Integer -> org.hibernate.type.IntegerType@37acf9b1
2023-08-02 16:03:34,503 DEBUG org.hibernate.type.BasicTypeRegistry : Adding type registration long -> org.hibernate.type.LongType@69e636cc
2023-08-02 16:03:34,504 DEBUG org.hibernate.type.BasicTypeRegistry : Adding type registration long -> org.hibernate.type.LongType@69e636cc
2023-08-02 16:03:34,504 DEBUG org.hibernate.type.BasicTypeRegistry : Adding type registration java.lang.Long -> org.hibernate.type.LongType@69e636cc
2023-08-02 16:03:34,506 DEBUG org.hibernate.type.BasicTypeRegistry : Adding type registration float -> org.hibernate.type.FloatType@3c2956a6
2023-08-02 16:03:34,506 DEBUG org.hibernate.type.BasicTypeRegistry : Adding type registration float -> org.hibernate.type.FloatType@3c2956a6
2023-08-02 16:03:34,507 DEBUG org.hibernate.type.BasicTypeRegistry : Adding type registration java.lang.Float -> org.hibernate.type.FloatType@3c2956a6
2023-08-02 16:03:34,509 DEBUG org.hibernate.type.BasicTypeRegistry : Adding type registration double -> org.hibernate.type.DoubleType@5ccf1542
2023-08-02 16:03:34,509 DEBUG org.hibernate.type.BasicTypeRegistry : Adding type registration double -> org.hibernate.type.DoubleType@5ccf1542
2023-08-02 16:03:34,509 DEBUG org.hibernate.type.BasicTypeRegistry : Adding type registration java.lang.Double -> org.hibernate.type.DoubleType@5ccf1542
2023-08-02 16:03:34,511 DEBUG org.hibernate.type.BasicTypeRegistry : Adding type registration big_decimal -> org.hibernate.type.BigDecimalType@2fad470b
2023-08-02 16:03:34,512 DEBUG org.hibernate.type.BasicTypeRegistry : Adding type registration java.math.BigDecimal -> org.hibernate.type.BigDecimalType@2fad470b
2023-08-02 16:03:34,514 DEBUG org.hibernate.type.BasicTypeRegistry : Adding type registration big_integer -> org.hibernate.type.BigIntegerType@61b3de5b
2023-08-02 16:03:34,514 DEBUG org.hibernate.type.BasicTypeRegistry : Adding type registration java.math.BigInteger -> org.hibernate.type.BigIntegerType@61b3de5b
2023-08-02 16:03:34,516 DEBUG org.hibernate.type.BasicTypeRegistry : Adding type registration string -> org.hibernate.type.StringType@198fe398
2023-08-02 16:03:34,516 DEBUG org.hibernate.type.BasicTypeRegistry : Adding type registration java.lang.String -> org.hibernate.type.StringType@198fe398
2023-08-02 16:03:34,518 DEBUG org.hibernate.type.BasicTypeRegistry : Adding type registration nstring -> org.hibernate.type.StringNVarcharType@18f37d6e
2023-08-02 16:03:34,519 DEBUG org.hibernate.type.BasicTypeRegistry : Adding type registration ncharacter -> org.hibernate.type.CharacterNCharType@20fdd484
2023-08-02 16:03:34,521 DEBUG org.hibernate.type.BasicTypeRegistry : Adding type registration url -> org.hibernate.type.UrlType@745e1fb7
2023-08-02 16:03:34,521 DEBUG org.hibernate.type.BasicTypeRegistry : Adding type registration java.net.URL -> org.hibernate.type.UrlType@745e1fb7
2023-08-02 16:03:34,523 DEBUG org.hibernate.type.BasicTypeRegistry : Adding type registration Duration -> org.hibernate.type.DurationType@22fb3dde
2023-08-02 16:03:34,523 DEBUG org.hibernate.type.BasicTypeRegistry : Adding type registration java.time.Duration -> org.hibernate.type.DurationType@22fb3dde
2023-08-02 16:03:34,525 DEBUG org.hibernate.type.BasicTypeRegistry : Adding type registration Instant -> org.hibernate.type.InstantType@c04b755
2023-08-02 16:03:34,525 DEBUG org.hibernate.type.BasicTypeRegistry : Adding type registration java.time.Instant -> org.hibernate.type.InstantType@c04b755
2023-08-02 16:03:34,527 DEBUG org.hibernate.type.BasicTypeRegistry : Adding type registration LocalDateTime -> org.hibernate.type.LocalDateTimeType@5c190662
2023-08-02 16:03:34,527 DEBUG org.hibernate.type.BasicTypeRegistry : Adding type registration java.time.LocalDateTime -> org.hibernate.type.LocalDateTimeType@5c190662
2023-08-02 16:03:34,530 DEBUG org.hibernate.type.BasicTypeRegistry : Adding type registration LocalDate -> org.hibernate.type.LocalDateType@69f35d31
2023-08-02 16:03:34,530 DEBUG org.hibernate.type.BasicTypeRegistry : Adding type registration java.time.LocalDate -> org.hibernate.type.LocalDateType@69f35d31
2023-08-02 16:03:34,532 DEBUG org.hibernate.type.BasicTypeRegistry : Adding type registration LocalTime -> org.hibernate.type.LocalTimeType@7e168d90
2023-08-02 16:03:34,532 DEBUG org.hibernate.type.BasicTypeRegistry : Adding type registration java.time.LocalTime -> org.hibernate.type.LocalTimeType@7e168d90
2023-08-02 16:03:34,534 DEBUG org.hibernate.type.BasicTypeRegistry : Adding type registration OffsetDateTime -> org.hibernate.type.OffsetDateTimeType@5e435f0d
2023-08-02 16:03:34,534 DEBUG org.hibernate.type.BasicTypeRegistry : Adding type registration java.time.OffsetDateTime -> org.hibernate.type.OffsetDateTimeType@5e435f0d
2023-08-02 16:03:34,536 DEBUG org.hibernate.type.BasicTypeRegistry : Adding type registration OffsetTime -> org.hibernate.type.OffsetTimeType@13190355
2023-08-02 16:03:34,537 DEBUG org.hibernate.type.BasicTypeRegistry : Adding type registration java.time.OffsetTime -> org.hibernate.type.OffsetTimeType@13190355
2023-08-02 16:03:34,539 DEBUG org.hibernate.type.BasicTypeRegistry : Adding type registration ZonedDateTime -> org.hibernate.type.ZonedDateTimeType@1eedf268
2023-08-02 16:03:34,539 DEBUG org.hibernate.type.BasicTypeRegistry : Adding type registration java.time.ZonedDateTime -> org.hibernate.type.ZonedDateTimeType@1eedf268
2023-08-02 16:03:34,542 DEBUG org.hibernate.type.BasicTypeRegistry : Adding type registration date -> org.hibernate.type.DateType@6bed8d98
2023-08-02 16:03:34,542 DEBUG org.hibernate.type.BasicTypeRegistry : Adding type registration java.sql.Date -> org.hibernate.type.DateType@6bed8d98
2023-08-02 16:03:34,544 DEBUG org.hibernate.type.BasicTypeRegistry : Adding type registration time -> org.hibernate.type.TimeType@ce24a98
2023-08-02 16:03:34,544 DEBUG org.hibernate.type.BasicTypeRegistry : Adding type registration java.sql.Time -> org.hibernate.type.TimeType@ce24a98
2023-08-02 16:03:34,547 DEBUG org.hibernate.type.BasicTypeRegistry : Adding type registration timestamp -> org.hibernate.type.TimestampType@2de22e7
2023-08-02 16:03:34,547 DEBUG org.hibernate.type.BasicTypeRegistry : Adding type registration java.sql.Timestamp -> org.hibernate.type.TimestampType@2de22e7
2023-08-02 16:03:34,547 DEBUG org.hibernate.type.BasicTypeRegistry : Adding type registration java.util.Date -> org.hibernate.type.TimestampType@2de22e7
2023-08-02 16:03:34,550 DEBUG org.hibernate.type.BasicTypeRegistry : Adding type registration dbtimestamp -> org.hibernate.type.DbTimestampType@4170ee0f
2023-08-02 16:03:34,552 DEBUG org.hibernate.type.BasicTypeRegistry : Adding type registration calendar -> org.hibernate.type.CalendarType@71bbbb9f
2023-08-02 16:03:34,553 DEBUG org.hibernate.type.BasicTypeRegistry : Adding type registration java.util.Calendar -> org.hibernate.type.CalendarType@71bbbb9f
2023-08-02 16:03:34,553 DEBUG org.hibernate.type.BasicTypeRegistry : Adding type registration java.util.GregorianCalendar -> org.hibernate.type.CalendarType@71bbbb9f
2023-08-02 16:03:34,554 DEBUG org.hibernate.type.BasicTypeRegistry : Adding type registration calendar_date -> org.hibernate.type.CalendarDateType@50cfe725
2023-08-02 16:03:34,556 DEBUG org.hibernate.type.BasicTypeRegistry : Adding type registration locale -> org.hibernate.type.LocaleType@6d1a4522
2023-08-02 16:03:34,556 DEBUG org.hibernate.type.BasicTypeRegistry : Adding type registration java.util.Locale -> org.hibernate.type.LocaleType@6d1a4522
2023-08-02 16:03:34,559 DEBUG org.hibernate.type.BasicTypeRegistry : Adding type registration currency -> org.hibernate.type.CurrencyType@3b0b20a8
2023-08-02 16:03:34,559 DEBUG org.hibernate.type.BasicTypeRegistry : Adding type registration java.util.Currency -> org.hibernate.type.CurrencyType@3b0b20a8
2023-08-02 16:03:34,562 DEBUG org.hibernate.type.BasicTypeRegistry : Adding type registration timezone -> org.hibernate.type.TimeZoneType@2e8488f4
2023-08-02 16:03:34,562 DEBUG org.hibernate.type.BasicTypeRegistry : Adding type registration java.util.TimeZone -> org.hibernate.type.TimeZoneType@2e8488f4
2023-08-02 16:03:34,564 DEBUG org.hibernate.type.BasicTypeRegistry : Adding type registration class -> org.hibernate.type.ClassType@7bbc3b6e
2023-08-02 16:03:34,564 DEBUG org.hibernate.type.BasicTypeRegistry : Adding type registration java.lang.Class -> org.hibernate.type.ClassType@7bbc3b6e
2023-08-02 16:03:34,566 DEBUG org.hibernate.type.BasicTypeRegistry : Adding type registration uuid-binary -> org.hibernate.type.UUIDBinaryType@4a9a0d9d
2023-08-02 16:03:34,566 DEBUG org.hibernate.type.BasicTypeRegistry : Adding type registration java.util.UUID -> org.hibernate.type.UUIDBinaryType@4a9a0d9d
2023-08-02 16:03:34,567 DEBUG org.hibernate.type.BasicTypeRegistry : Adding type registration uuid-char -> org.hibernate.type.UUIDCharType@4f8e6101
2023-08-02 16:03:34,569 DEBUG org.hibernate.type.BasicTypeRegistry : Adding type registration binary -> org.hibernate.type.BinaryType@3c41b4b
2023-08-02 16:03:34,570 DEBUG org.hibernate.type.BasicTypeRegistry : Adding type registration byte[] -> org.hibernate.type.BinaryType@3c41b4b
2023-08-02 16:03:34,570 DEBUG org.hibernate.type.BasicTypeRegistry : Adding type registration [B -> org.hibernate.type.BinaryType@3c41b4b
2023-08-02 16:03:34,572 DEBUG org.hibernate.type.BasicTypeRegistry : Adding type registration wrapper-binary -> org.hibernate.type.WrapperBinaryType@282c3aa0
2023-08-02 16:03:34,572 DEBUG org.hibernate.type.BasicTypeRegistry : Adding type registration Byte[] -> org.hibernate.type.WrapperBinaryType@282c3aa0
2023-08-02 16:03:34,572 DEBUG org.hibernate.type.BasicTypeRegistry : Adding type registration [Ljava.lang.Byte; -> org.hibernate.type.WrapperBinaryType@282c3aa0
2023-08-02 16:03:34,574 DEBUG org.hibernate.type.BasicTypeRegistry : Adding type registration row_version -> org.hibernate.type.RowVersionType@453c10c2
2023-08-02 16:03:34,575 DEBUG org.hibernate.type.BasicTypeRegistry : Adding type registration image -> org.hibernate.type.ImageType@11f8d64
2023-08-02 16:03:34,577 DEBUG org.hibernate.type.BasicTypeRegistry : Adding type registration characters -> org.hibernate.type.CharArrayType@126f428e
2023-08-02 16:03:34,577 DEBUG org.hibernate.type.BasicTypeRegistry : Adding type registration char[] -> org.hibernate.type.CharArrayType@126f428e
2023-08-02 16:03:34,578 DEBUG org.hibernate.type.BasicTypeRegistry : Adding type registration [C -> org.hibernate.type.CharArrayType@126f428e
2023-08-02 16:03:34,580 DEBUG org.hibernate.type.BasicTypeRegistry : Adding type registration wrapper-characters -> org.hibernate.type.CharacterArrayType@71702d3f
2023-08-02 16:03:34,580 DEBUG org.hibernate.type.BasicTypeRegistry : Adding type registration [Ljava.lang.Character; -> org.hibernate.type.CharacterArrayType@71702d3f
2023-08-02 16:03:34,580 DEBUG org.hibernate.type.BasicTypeRegistry : Adding type registration Character[] -> org.hibernate.type.CharacterArrayType@71702d3f
2023-08-02 16:03:34,581 DEBUG org.hibernate.type.BasicTypeRegistry : Adding type registration text -> org.hibernate.type.TextType@5225f612
2023-08-02 16:03:34,583 DEBUG org.hibernate.type.BasicTypeRegistry : Adding type registration ntext -> org.hibernate.type.NTextType@5e16e521
2023-08-02 16:03:34,585 DEBUG org.hibernate.type.BasicTypeRegistry : Adding type registration blob -> org.hibernate.type.BlobType@57cc7d9e
2023-08-02 16:03:34,586 DEBUG org.hibernate.type.BasicTypeRegistry : Adding type registration java.sql.Blob -> org.hibernate.type.BlobType@57cc7d9e
2023-08-02 16:03:34,586 DEBUG org.hibernate.type.BasicTypeRegistry : Adding type registration materialized_blob -> org.hibernate.type.MaterializedBlobType@11e323a6
2023-08-02 16:03:34,589 DEBUG org.hibernate.type.BasicTypeRegistry : Adding type registration clob -> org.hibernate.type.ClobType@759fe679
2023-08-02 16:03:34,589 DEBUG org.hibernate.type.BasicTypeRegistry : Adding type registration java.sql.Clob -> org.hibernate.type.ClobType@759fe679
2023-08-02 16:03:34,592 DEBUG org.hibernate.type.BasicTypeRegistry : Adding type registration nclob -> org.hibernate.type.NClobType@7d6f094e
2023-08-02 16:03:34,592 DEBUG org.hibernate.type.BasicTypeRegistry : Adding type registration java.sql.NClob -> org.hibernate.type.NClobType@7d6f094e
2023-08-02 16:03:34,593 DEBUG org.hibernate.type.BasicTypeRegistry : Adding type registration materialized_clob -> org.hibernate.type.MaterializedClobType@6b1381fc
2023-08-02 16:03:34,594 DEBUG org.hibernate.type.BasicTypeRegistry : Adding type registration materialized_nclob -> org.hibernate.type.MaterializedNClobType@5973d3ec
2023-08-02 16:03:34,596 DEBUG org.hibernate.type.BasicTypeRegistry : Adding type registration serializable -> org.hibernate.type.SerializableType@52ebacbf
2023-08-02 16:03:34,603 DEBUG org.hibernate.type.BasicTypeRegistry : Adding type registration object -> org.hibernate.type.ObjectType@742ce3ad
2023-08-02 16:03:34,604 DEBUG org.hibernate.type.BasicTypeRegistry : Adding type registration java.lang.Object -> org.hibernate.type.ObjectType@742ce3ad
2023-08-02 16:03:34,605 DEBUG org.hibernate.type.BasicTypeRegistry : Adding type registration imm_date -> org.hibernate.type.AdaptedImmutableType@eb7d4ba
2023-08-02 16:03:34,605 DEBUG org.hibernate.type.BasicTypeRegistry : Adding type registration imm_time -> org.hibernate.type.AdaptedImmutableType@699794d
2023-08-02 16:03:34,605 DEBUG org.hibernate.type.BasicTypeRegistry : Adding type registration imm_timestamp -> org.hibernate.type.AdaptedImmutableType@ad7cc49
2023-08-02 16:03:34,605 DEBUG org.hibernate.type.BasicTypeRegistry : Adding type registration imm_dbtimestamp -> org.hibernate.type.AdaptedImmutableType@1f94e1
2023-08-02 16:03:34,605 DEBUG org.hibernate.type.BasicTypeRegistry : Adding type registration imm_calendar -> org.hibernate.type.AdaptedImmutableType@30bd925c
2023-08-02 16:03:34,606 DEBUG org.hibernate.type.BasicTypeRegistry : Adding type registration imm_calendar_date -> org.hibernate.type.AdaptedImmutableType@7da3d617
2023-08-02 16:03:34,606 DEBUG org.hibernate.type.BasicTypeRegistry : Adding type registration imm_binary -> org.hibernate.type.AdaptedImmutableType@49a2e86e
2023-08-02 16:03:34,606 DEBUG org.hibernate.type.BasicTypeRegistry : Adding type registration imm_serializable -> org.hibernate.type.AdaptedImmutableType@3566d527
2023-08-02 16:03:34,639 DEBUG org.hibernate.boot.internal.BootstrapContextImpl : Injecting JPA temp ClassLoader [org.springframework.instrument.classloading.SimpleThrowawayClassLoader@74af4b0] into BootstrapContext; was [null]
2023-08-02 16:03:34,639 DEBUG org.hibernate.boot.internal.ClassLoaderAccessImpl : ClassLoaderAccessImpl#injectTempClassLoader(org.springframework.instrument.classloading.SimpleThrowawayClassLoader@74af4b0) [was null]
2023-08-02 16:03:34,640 DEBUG org.hibernate.boot.internal.BootstrapContextImpl : Injecting ScanEnvironment [org.hibernate.jpa.boot.internal.StandardJpaScanEnvironmentImpl@5a77e0e4] into BootstrapContext; was [null]
2023-08-02 16:03:34,640 DEBUG org.hibernate.boot.internal.BootstrapContextImpl : Injecting ScanOptions [org.hibernate.boot.archive.scan.internal.StandardScanOptions@4cc070c2] into BootstrapContext; was [org.hibernate.boot.archive.scan.internal.StandardScanOptions@53a74970]
2023-08-02 16:03:34,665 DEBUG org.hibernate.boot.internal.BootstrapContextImpl : Injecting JPA temp ClassLoader [null] into BootstrapContext; was [org.springframework.instrument.classloading.SimpleThrowawayClassLoader@74af4b0]
2023-08-02 16:03:34,665 DEBUG org.hibernate.boot.internal.ClassLoaderAccessImpl : ClassLoaderAccessImpl#injectTempClassLoader(null) [was org.springframework.instrument.classloading.SimpleThrowawayClassLoader@74af4b0]
2023-08-02 16:03:34,684 DEBUG org.hibernate.id.factory.internal.DefaultIdentifierGeneratorFactory : Registering IdentifierGenerator strategy [uuid2] -> [org.hibernate.id.UUIDGenerator]
2023-08-02 16:03:34,685 DEBUG org.hibernate.id.factory.internal.DefaultIdentifierGeneratorFactory : Registering IdentifierGenerator strategy [guid] -> [org.hibernate.id.GUIDGenerator]
2023-08-02 16:03:34,687 DEBUG org.hibernate.id.factory.internal.DefaultIdentifierGeneratorFactory : Registering IdentifierGenerator strategy [uuid] -> [org.hibernate.id.UUIDHexGenerator]
2023-08-02 16:03:34,687 DEBUG org.hibernate.id.factory.internal.DefaultIdentifierGeneratorFactory : Registering IdentifierGenerator strategy [uuid.hex] -> [org.hibernate.id.UUIDHexGenerator]
2023-08-02 16:03:34,688 DEBUG org.hibernate.id.factory.internal.DefaultIdentifierGeneratorFactory : Registering IdentifierGenerator strategy [assigned] -> [org.hibernate.id.Assigned]
2023-08-02 16:03:34,690 DEBUG org.hibernate.id.factory.internal.DefaultIdentifierGeneratorFactory : Registering IdentifierGenerator strategy [identity] -> [org.hibernate.id.IdentityGenerator]
2023-08-02 16:03:34,691 DEBUG org.hibernate.id.factory.internal.DefaultIdentifierGeneratorFactory : Registering IdentifierGenerator strategy [select] -> [org.hibernate.id.SelectGenerator]
2023-08-02 16:03:34,694 DEBUG org.hibernate.id.factory.internal.DefaultIdentifierGeneratorFactory : Registering IdentifierGenerator strategy [sequence] -> [org.hibernate.id.enhanced.SequenceStyleGenerator]
2023-08-02 16:03:34,696 DEBUG org.hibernate.id.factory.internal.DefaultIdentifierGeneratorFactory : Registering IdentifierGenerator strategy [seqhilo] -> [org.hibernate.id.SequenceHiLoGenerator]
2023-08-02 16:03:34,697 DEBUG org.hibernate.id.factory.internal.DefaultIdentifierGeneratorFactory : Registering IdentifierGenerator strategy [increment] -> [org.hibernate.id.IncrementGenerator]
2023-08-02 16:03:34,698 DEBUG org.hibernate.id.factory.internal.DefaultIdentifierGeneratorFactory : Registering IdentifierGenerator strategy [foreign] -> [org.hibernate.id.ForeignGenerator]
2023-08-02 16:03:34,699 DEBUG org.hibernate.id.factory.internal.DefaultIdentifierGeneratorFactory : Registering IdentifierGenerator strategy [sequence-identity] -> [org.hibernate.id.SequenceIdentityGenerator]
2023-08-02 16:03:34,699 DEBUG org.hibernate.id.factory.internal.DefaultIdentifierGeneratorFactory : Registering IdentifierGenerator strategy [enhanced-sequence] -> [org.hibernate.id.enhanced.SequenceStyleGenerator]
2023-08-02 16:03:34,701 DEBUG org.hibernate.id.factory.internal.DefaultIdentifierGeneratorFactory : Registering IdentifierGenerator strategy [enhanced-table] -> [org.hibernate.id.enhanced.TableGenerator]
2023-08-02 16:03:34,713 INFO  com.zaxxer.hikari.HikariDataSource : HikariPool-1 - Starting...
2023-08-02 16:03:35,239 INFO  com.zaxxer.hikari.HikariDataSource : HikariPool-1 - Start completed.
2023-08-02 16:03:35,258 DEBUG org.hibernate.engine.jdbc.env.internal.JdbcEnvironmentInitiator : Database ->
       name : PostgreSQL
    version : 15.3 (Ubuntu 15.3-1.pgdg22.04+1)
      major : 15
      minor : 3
2023-08-02 16:03:35,258 DEBUG org.hibernate.engine.jdbc.env.internal.JdbcEnvironmentInitiator : Driver ->
       name : PostgreSQL JDBC Driver
    version : 42.2.9
      major : 42
      minor : 2
2023-08-02 16:03:35,258 DEBUG org.hibernate.engine.jdbc.env.internal.JdbcEnvironmentInitiator : JDBC version : 4.2
2023-08-02 16:03:35,278 INFO  org.hibernate.dialect.Dialect : HHH000400: Using dialect: org.hibernate.dialect.PostgreSQLDialect
2023-08-02 16:03:35,303 DEBUG org.hibernate.engine.jdbc.env.spi.IdentifierHelperBuilder : JDBC driver metadata reported database stores quoted identifiers in neither upper, lower nor mixed case
2023-08-02 16:03:35,604 DEBUG org.hibernate.boot.model.relational.Namespace : Created database namespace [logicalName=Name{catalog=null, schema=null}, physicalName=Name{catalog=null, schema=null}]
2023-08-02 16:03:35,610 DEBUG org.hibernate.type.BasicTypeRegistry : Adding type registration pg-uuid -> org.hibernate.type.PostgresUUIDType@4fa7df5c
2023-08-02 16:03:35,610 DEBUG org.hibernate.type.BasicTypeRegistry : Adding type registration java.util.UUID -> org.hibernate.type.PostgresUUIDType@4fa7df5c
2023-08-02 16:03:35,611 DEBUG org.hibernate.type.BasicTypeRegistry : HHH000270: Type registration [java.util.UUID] overrides previous : org.hibernate.type.UUIDBinaryType@4a9a0d9d
2023-08-02 16:03:35,614 DEBUG org.hibernate.type.spi.TypeConfiguration$Scope : Scoping TypeConfiguration [org.hibernate.type.spi.TypeConfiguration@59b782fa] to MetadataBuildingContext [org.hibernate.boot.internal.MetadataBuildingContextRootImpl@788890e9]
2023-08-02 16:03:35,755 DEBUG org.hibernate.cfg.AnnotationBinder : Binding entity from annotated class: com.meva.finance.entity.Category
2023-08-02 16:03:35,788 DEBUG org.hibernate.cfg.Ejb3Column : Binding column: Ejb3DiscriminatorColumn{logicalColumnName'DTYPE', discriminatorTypeName='string'}
2023-08-02 16:03:35,796 DEBUG org.hibernate.cfg.annotations.EntityBinder : Import with entity name Category
2023-08-02 16:03:35,800 DEBUG org.hibernate.cfg.annotations.EntityBinder : Bind entity com.meva.finance.entity.Category on table category
2023-08-02 16:03:35,832 DEBUG org.hibernate.cfg.Ejb3Column : Binding column: Ejb3Column{table=org.hibernate.mapping.Table(category), mappingColumn=id_category, insertable=true, updatable=true, unique=false}
2023-08-02 16:03:35,837 DEBUG org.hibernate.cfg.annotations.PropertyBinder : MetadataSourceProcessor property id with lazy=false
2023-08-02 16:03:35,841 DEBUG org.hibernate.cfg.AbstractPropertyHolder : Attempting to locate auto-apply AttributeConverter for property [com.meva.finance.entity.Category:id]
2023-08-02 16:03:35,843 DEBUG org.hibernate.cfg.annotations.SimpleValueBinder : building SimpleValue for id
2023-08-02 16:03:35,846 DEBUG org.hibernate.cfg.annotations.PropertyBinder : Building property id
2023-08-02 16:03:35,850 DEBUG org.hibernate.cfg.BinderHelper : #makeIdGenerator(org.hibernate.mapping.SimpleValue([org.hibernate.mapping.Column(id_category)]), id, org.hibernate.id.enhanced.SequenceStyleGenerator, , ...)
2023-08-02 16:03:35,852 DEBUG org.hibernate.cfg.Ejb3Column : Binding column: Ejb3Column{table=org.hibernate.mapping.Table(category), mappingColumn=description, insertable=true, updatable=true, unique=false}
2023-08-02 16:03:35,853 DEBUG org.hibernate.cfg.annotations.PropertyBinder : MetadataSourceProcessor property description with lazy=false
2023-08-02 16:03:35,853 DEBUG org.hibernate.cfg.AbstractPropertyHolder : Attempting to locate auto-apply AttributeConverter for property [com.meva.finance.entity.Category:description]
2023-08-02 16:03:35,853 DEBUG org.hibernate.cfg.annotations.SimpleValueBinder : building SimpleValue for description
2023-08-02 16:03:35,854 DEBUG org.hibernate.cfg.annotations.PropertyBinder : Building property description
2023-08-02 16:03:35,855 DEBUG org.hibernate.cfg.Ejb3Column : Binding column: Ejb3JoinColumn{logicalColumnName='null', referencedColumn='null', mappedBy='category'}
2023-08-02 16:03:35,856 DEBUG org.hibernate.cfg.Ejb3Column : Binding column: Ejb3Column{table=org.hibernate.mapping.Table(category), mappingColumn=sub_categories, insertable=true, updatable=true, unique=false}
2023-08-02 16:03:35,859 DEBUG org.hibernate.cfg.Ejb3Column : Binding column: Ejb3Column{table=org.hibernate.mapping.Table(category), mappingColumn=null, insertable=true, updatable=true, unique=false}
2023-08-02 16:03:35,872 DEBUG org.hibernate.cfg.Ejb3Column : Binding column: Ejb3Column{table=org.hibernate.mapping.Table(category), mappingColumn=element, insertable=true, updatable=true, unique=false}
2023-08-02 16:03:35,872 DEBUG org.hibernate.cfg.Ejb3Column : Binding column: Ejb3Column{table=org.hibernate.mapping.Table(category), mappingColumn=sub_categories_key, insertable=true, updatable=true, unique=false}
2023-08-02 16:03:35,873 DEBUG org.hibernate.cfg.Ejb3Column : Binding column: Ejb3JoinColumn{logicalColumnName='subCategories_KEY', referencedColumn='null', mappedBy='null'}
2023-08-02 16:03:35,875 DEBUG org.hibernate.cfg.Ejb3Column : Binding column: Ejb3JoinColumn{logicalColumnName='null', referencedColumn='null', mappedBy='category'}
2023-08-02 16:03:35,876 DEBUG org.hibernate.cfg.Ejb3Column : Binding column: Ejb3JoinColumn{logicalColumnName='null', referencedColumn='null', mappedBy='category'}
2023-08-02 16:03:35,877 DEBUG org.hibernate.cfg.annotations.CollectionBinder : Collection role: com.meva.finance.entity.Category.subCategories
2023-08-02 16:03:35,881 DEBUG org.hibernate.cfg.annotations.PropertyBinder : Building property subCategories
2023-08-02 16:03:35,882 DEBUG org.hibernate.cfg.AnnotationBinder : Binding entity from annotated class: com.meva.finance.entity.SubCategory
2023-08-02 16:03:35,883 DEBUG org.hibernate.cfg.Ejb3Column : Binding column: Ejb3DiscriminatorColumn{logicalColumnName'DTYPE', discriminatorTypeName='string'}
2023-08-02 16:03:35,883 DEBUG org.hibernate.cfg.annotations.EntityBinder : Import with entity name SubCategory
2023-08-02 16:03:35,883 DEBUG org.hibernate.cfg.annotations.EntityBinder : Bind entity com.meva.finance.entity.SubCategory on table sub_category
2023-08-02 16:03:35,888 DEBUG org.hibernate.cfg.Ejb3Column : Binding column: Ejb3Column{table=org.hibernate.mapping.Table(sub_category), mappingColumn=id_sub_category, insertable=true, updatable=true, unique=false}
2023-08-02 16:03:35,888 DEBUG org.hibernate.cfg.annotations.PropertyBinder : MetadataSourceProcessor property id with lazy=false
2023-08-02 16:03:35,889 DEBUG org.hibernate.cfg.AbstractPropertyHolder : Attempting to locate auto-apply AttributeConverter for property [com.meva.finance.entity.SubCategory:id]
2023-08-02 16:03:35,889 DEBUG org.hibernate.cfg.annotations.SimpleValueBinder : building SimpleValue for id
2023-08-02 16:03:35,889 DEBUG org.hibernate.cfg.annotations.PropertyBinder : Building property id
2023-08-02 16:03:35,891 DEBUG org.hibernate.cfg.BinderHelper : #makeIdGenerator(org.hibernate.mapping.SimpleValue([org.hibernate.mapping.Column(id_sub_category)]), id, org.hibernate.id.enhanced.SequenceStyleGenerator, sub_category_id_sub_category_seq, ...)
2023-08-02 16:03:35,894 DEBUG org.hibernate.cfg.Ejb3Column : Binding column: Ejb3JoinColumn{logicalColumnName='id_category', referencedColumn='', mappedBy=''}
2023-08-02 16:03:35,894 DEBUG org.hibernate.cfg.Ejb3Column : Binding column: Ejb3Column{table=org.hibernate.mapping.Table(sub_category), mappingColumn=category, insertable=true, updatable=true, unique=false}
2023-08-02 16:03:35,896 DEBUG org.hibernate.cfg.annotations.PropertyBinder : Building property category
2023-08-02 16:03:35,897 DEBUG org.hibernate.cfg.Ejb3Column : Binding column: Ejb3Column{table=org.hibernate.mapping.Table(sub_category), mappingColumn=description, insertable=true, updatable=true, unique=false}
2023-08-02 16:03:35,897 DEBUG org.hibernate.cfg.annotations.PropertyBinder : MetadataSourceProcessor property description with lazy=false
2023-08-02 16:03:35,897 DEBUG org.hibernate.cfg.AbstractPropertyHolder : Attempting to locate auto-apply AttributeConverter for property [com.meva.finance.entity.SubCategory:description]
2023-08-02 16:03:35,897 DEBUG org.hibernate.cfg.annotations.SimpleValueBinder : building SimpleValue for description
2023-08-02 16:03:35,897 DEBUG org.hibernate.cfg.annotations.PropertyBinder : Building property description
2023-08-02 16:03:35,899 DEBUG org.hibernate.cfg.annotations.SimpleValueBinder : Starting fillSimpleValue for id
2023-08-02 16:03:35,899 DEBUG org.hibernate.cfg.annotations.SimpleValueBinder : Starting fillSimpleValue for description
2023-08-02 16:03:35,899 DEBUG org.hibernate.cfg.annotations.SimpleValueBinder : Starting fillSimpleValue for id
2023-08-02 16:03:35,899 DEBUG org.hibernate.cfg.annotations.SimpleValueBinder : Starting fillSimpleValue for description
2023-08-02 16:03:35,904 DEBUG org.hibernate.mapping.PrimaryKey : Forcing column [id_category] to be non-null as it is part of the primary key for table [category]
2023-08-02 16:03:35,904 DEBUG org.hibernate.mapping.PrimaryKey : Forcing column [id_sub_category] to be non-null as it is part of the primary key for table [sub_category]
2023-08-02 16:03:35,905 DEBUG org.hibernate.cfg.CollectionSecondPass : Second pass for collection: com.meva.finance.entity.Category.subCategories
2023-08-02 16:03:35,906 DEBUG org.hibernate.cfg.annotations.CollectionBinder : Binding a OneToMany: com.meva.finance.entity.Category.subCategories through a foreign key
2023-08-02 16:03:35,907 DEBUG org.hibernate.cfg.annotations.CollectionBinder : Mapping collection: com.meva.finance.entity.Category.subCategories -> sub_category
2023-08-02 16:03:35,909 DEBUG org.hibernate.cfg.annotations.TableBinder : Retrieving property com.meva.finance.entity.SubCategory.category
2023-08-02 16:03:35,909 DEBUG org.hibernate.cfg.CollectionSecondPass : Mapped collection key: id_category, one-to-many: com.meva.finance.entity.SubCategory
2023-08-02 16:03:35,910 DEBUG org.hibernate.boot.internal.InFlightMetadataCollectorImpl : Resolving reference to class: com.meva.finance.entity.Category
2023-08-02 16:03:35,915 DEBUG org.hibernate.boot.internal.InFlightMetadataCollectorImpl : Resolving reference to class: com.meva.finance.entity.Category
2023-08-02 16:03:35,974 DEBUG org.hibernate.internal.SessionFactoryImpl : Building session factory
2023-08-02 16:03:35,976 DEBUG org.hibernate.cfg.Settings : SessionFactory name : null
2023-08-02 16:03:35,976 DEBUG org.hibernate.cfg.Settings : Automatic flush during beforeCompletion(): enabled
2023-08-02 16:03:35,976 DEBUG org.hibernate.cfg.Settings : Automatic session close at end of transaction: disabled
2023-08-02 16:03:35,976 DEBUG org.hibernate.cfg.Settings : Statistics: disabled
2023-08-02 16:03:35,976 DEBUG org.hibernate.cfg.Settings : Deleted entity synthetic identifier rollback: disabled
2023-08-02 16:03:35,976 DEBUG org.hibernate.cfg.Settings : Default entity-mode: pojo
2023-08-02 16:03:35,976 DEBUG org.hibernate.cfg.Settings : Check Nullability in Core (should be disabled when Bean Validation is on): enabled
2023-08-02 16:03:35,976 DEBUG org.hibernate.cfg.Settings : Allow initialization of lazy state outside session : disabled
2023-08-02 16:03:35,976 DEBUG org.hibernate.cfg.Settings : Using BatchFetchStyle : LEGACY
2023-08-02 16:03:35,976 DEBUG org.hibernate.cfg.Settings : Default batch fetch size: -1
2023-08-02 16:03:35,977 DEBUG org.hibernate.cfg.Settings : Maximum outer join fetch depth: null
2023-08-02 16:03:35,977 DEBUG org.hibernate.cfg.Settings : Default null ordering: NONE
2023-08-02 16:03:35,977 DEBUG org.hibernate.cfg.Settings : Order SQL updates by primary key: disabled
2023-08-02 16:03:35,977 DEBUG org.hibernate.cfg.Settings : Order SQL inserts for batching: disabled
2023-08-02 16:03:35,977 DEBUG org.hibernate.cfg.Settings : multi-tenancy strategy : NONE
2023-08-02 16:03:35,977 DEBUG org.hibernate.cfg.Settings : JTA Track by Thread: enabled
2023-08-02 16:03:35,977 DEBUG org.hibernate.cfg.Settings : Query language substitutions: {}
2023-08-02 16:03:35,977 DEBUG org.hibernate.cfg.Settings : Named query checking : enabled
2023-08-02 16:03:35,977 DEBUG org.hibernate.cfg.Settings : Second-level cache: disabled
2023-08-02 16:03:35,977 DEBUG org.hibernate.cfg.Settings : Second-level query cache: disabled
2023-08-02 16:03:35,977 DEBUG org.hibernate.cfg.Settings : Second-level query cache factory: null
2023-08-02 16:03:35,977 DEBUG org.hibernate.cfg.Settings : Second-level cache region prefix: null
2023-08-02 16:03:35,977 DEBUG org.hibernate.cfg.Settings : Optimize second-level cache for minimal puts: disabled
2023-08-02 16:03:35,977 DEBUG org.hibernate.cfg.Settings : Structured second-level cache entries: disabled
2023-08-02 16:03:35,978 DEBUG org.hibernate.cfg.Settings : Second-level cache direct-reference entries: disabled
2023-08-02 16:03:35,978 DEBUG org.hibernate.cfg.Settings : Automatic eviction of collection cache: disabled
2023-08-02 16:03:35,978 DEBUG org.hibernate.cfg.Settings : JDBC batch size: 15
2023-08-02 16:03:35,978 DEBUG org.hibernate.cfg.Settings : JDBC batch updates for versioned data: enabled
2023-08-02 16:03:35,978 DEBUG org.hibernate.cfg.Settings : Scrollable result sets: enabled
2023-08-02 16:03:35,978 DEBUG org.hibernate.cfg.Settings : Wrap result sets: disabled
2023-08-02 16:03:35,978 DEBUG org.hibernate.cfg.Settings : JDBC3 getGeneratedKeys(): enabled
2023-08-02 16:03:35,978 DEBUG org.hibernate.cfg.Settings : JDBC result set fetch size: null
2023-08-02 16:03:35,978 DEBUG org.hibernate.cfg.Settings : Connection release mode: ON_CLOSE
2023-08-02 16:03:35,978 DEBUG org.hibernate.cfg.Settings : Generate SQL with comments: disabled
2023-08-02 16:03:35,978 DEBUG org.hibernate.cfg.Settings : JPA compliance - query : disabled
2023-08-02 16:03:35,978 DEBUG org.hibernate.cfg.Settings : JPA compliance - closed-handling : disabled
2023-08-02 16:03:35,978 DEBUG org.hibernate.cfg.Settings : JPA compliance - lists : disabled
2023-08-02 16:03:35,978 DEBUG org.hibernate.cfg.Settings : JPA compliance - transactions : disabled
2023-08-02 16:03:36,070 DEBUG org.hibernate.internal.SessionFactoryImpl : Session factory constructed with filter configurations : {}
2023-08-02 16:03:36,070 DEBUG org.hibernate.internal.SessionFactoryImpl : Instantiating session factory with properties: {hibernate.id.new_generator_mappings=true, java.specification.version=17, hibernate.resource.beans.container=org.springframework.orm.hibernate5.SpringBeanContainer@3119ce7a, hibernate.connection.handling_mode=DELAYED_ACQUISITION_AND_HOLD, sun.jnu.encoding=UTF-8, hibernate.dialect=org.hibernate.dialect.PostgreSQLDialect, hibernate.implicit_naming_strategy=org.springframework.boot.orm.jpa.hibernate.SpringImplicitNamingStrategy, java.class.path=/home/cristian/workspace/meva/projeto-meva-category/target/test-classes:/home/cristian/workspace/meva/projeto-meva-category/target/classes:/home/cristian/.m2/repository/org/springframework/boot/spring-boot-starter/2.2.4.RELEASE/spring-boot-starter-2.2.4.RELEASE.jar:/home/cristian/.m2/repository/org/springframework/boot/spring-boot/2.2.4.RELEASE/spring-boot-2.2.4.RELEASE.jar:/home/cristian/.m2/repository/org/springframework/spring-context/5.2.3.RELEASE/spring-context-5.2.3.RELEASE.jar:/home/cristian/.m2/repository/org/springframework/boot/spring-boot-autoconfigure/2.2.4.RELEASE/spring-boot-autoconfigure-2.2.4.RELEASE.jar:/home/cristian/.m2/repository/org/springframework/boot/spring-boot-starter-logging/2.2.4.RELEASE/spring-boot-starter-logging-2.2.4.RELEASE.jar:/home/cristian/.m2/repository/ch/qos/logback/logback-classic/1.2.3/logback-classic-1.2.3.jar:/home/cristian/.m2/repository/ch/qos/logback/logback-core/1.2.3/logback-core-1.2.3.jar:/home/cristian/.m2/repository/org/apache/logging/log4j/log4j-to-slf4j/2.12.1/log4j-to-slf4j-2.12.1.jar:/home/cristian/.m2/repository/org/apache/logging/log4j/log4j-api/2.12.1/log4j-api-2.12.1.jar:/home/cristian/.m2/repository/org/slf4j/jul-to-slf4j/1.7.30/jul-to-slf4j-1.7.30.jar:/home/cristian/.m2/repository/jakarta/annotation/jakarta.annotation-api/1.3.5/jakarta.annotation-api-1.3.5.jar:/home/cristian/.m2/repository/org/springframework/spring-core/5.2.3.RELEASE/spring-core-5.2.3.RELEASE.jar:/home/cristian/.m2/repository/org/springframework/spring-jcl/5.2.3.RELEASE/spring-jcl-5.2.3.RELEASE.jar:/home/cristian/.m2/repository/org/yaml/snakeyaml/1.25/snakeyaml-1.25.jar:/home/cristian/.m2/repository/org/springframework/boot/spring-boot-starter-actuator/2.2.4.RELEASE/spring-boot-starter-actuator-2.2.4.RELEASE.jar:/home/cristian/.m2/repository/org/springframework/boot/spring-boot-actuator-autoconfigure/2.2.4.RELEASE/spring-boot-actuator-autoconfigure-2.2.4.RELEASE.jar:/home/cristian/.m2/repository/org/springframework/boot/spring-boot-actuator/2.2.4.RELEASE/spring-boot-actuator-2.2.4.RELEASE.jar:/home/cristian/.m2/repository/com/fasterxml/jackson/core/jackson-databind/2.10.2/jackson-databind-2.10.2.jar:/home/cristian/.m2/repository/com/fasterxml/jackson/core/jackson-core/2.10.2/jackson-core-2.10.2.jar:/home/cristian/.m2/repository/com/fasterxml/jackson/datatype/jackson-datatype-jsr310/2.10.2/jackson-datatype-jsr310-2.10.2.jar:/home/cristian/.m2/repository/io/micrometer/micrometer-core/1.3.2/micrometer-core-1.3.2.jar:/home/cristian/.m2/repository/org/hdrhistogram/HdrHistogram/2.1.11/HdrHistogram-2.1.11.jar:/home/cristian/.m2/repository/org/latencyutils/LatencyUtils/2.0.3/LatencyUtils-2.0.3.jar:/home/cristian/.m2/repository/org/springframework/boot/spring-boot-starter-web/2.2.4.RELEASE/spring-boot-starter-web-2.2.4.RELEASE.jar:/home/cristian/.m2/repository/org/springframework/boot/spring-boot-starter-json/2.2.4.RELEASE/spring-boot-starter-json-2.2.4.RELEASE.jar:/home/cristian/.m2/repository/com/fasterxml/jackson/datatype/jackson-datatype-jdk8/2.10.2/jackson-datatype-jdk8-2.10.2.jar:/home/cristian/.m2/repository/com/fasterxml/jackson/module/jackson-module-parameter-names/2.10.2/jackson-module-parameter-names-2.10.2.jar:/home/cristian/.m2/repository/org/springframework/spring-web/5.2.3.RELEASE/spring-web-5.2.3.RELEASE.jar:/home/cristian/.m2/repository/org/springframework/spring-beans/5.2.3.RELEASE/spring-beans-5.2.3.RELEASE.jar:/home/cristian/.m2/repository/org/springframework/spring-webmvc/5.2.3.RELEASE/spring-webmvc-5.2.3.RELEASE.jar:/home/cristian/.m2/repository/org/springframework/spring-aop/5.2.3.RELEASE/spring-aop-5.2.3.RELEASE.jar:/home/cristian/.m2/repository/org/springframework/spring-expression/5.2.3.RELEASE/spring-expression-5.2.3.RELEASE.jar:/home/cristian/.m2/repository/org/springframework/boot/spring-boot-starter-tomcat/2.2.4.RELEASE/spring-boot-starter-tomcat-2.2.4.RELEASE.jar:/home/cristian/.m2/repository/org/apache/tomcat/embed/tomcat-embed-core/9.0.30/tomcat-embed-core-9.0.30.jar:/home/cristian/.m2/repository/org/apache/tomcat/embed/tomcat-embed-el/9.0.30/tomcat-embed-el-9.0.30.jar:/home/cristian/.m2/repository/org/apache/tomcat/embed/tomcat-embed-websocket/9.0.30/tomcat-embed-websocket-9.0.30.jar:/home/cristian/.m2/repository/org/springframework/boot/spring-boot-starter-data-jpa/2.2.4.RELEASE/spring-boot-starter-data-jpa-2.2.4.RELEASE.jar:/home/cristian/.m2/repository/org/springframework/boot/spring-boot-starter-aop/2.2.4.RELEASE/spring-boot-starter-aop-2.2.4.RELEASE.jar:/home/cristian/.m2/repository/org/aspectj/aspectjweaver/1.9.5/aspectjweaver-1.9.5.jar:/home/cristian/.m2/repository/org/springframework/boot/spring-boot-starter-jdbc/2.2.4.RELEASE/spring-boot-starter-jdbc-2.2.4.RELEASE.jar:/home/cristian/.m2/repository/com/zaxxer/HikariCP/3.4.2/HikariCP-3.4.2.jar:/home/cristian/.m2/repository/org/springframework/spring-jdbc/5.2.3.RELEASE/spring-jdbc-5.2.3.RELEASE.jar:/home/cristian/.m2/repository/jakarta/activation/jakarta.activation-api/1.2.1/jakarta.activation-api-1.2.1.jar:/home/cristian/.m2/repository/jakarta/persistence/jakarta.persistence-api/2.2.3/jakarta.persistence-api-2.2.3.jar:/home/cristian/.m2/repository/jakarta/transaction/jakarta.transaction-api/1.3.3/jakarta.transaction-api-1.3.3.jar:/home/cristian/.m2/repository/org/springframework/data/spring-data-jpa/2.2.4.RELEASE/spring-data-jpa-2.2.4.RELEASE.jar:/home/cristian/.m2/repository/org/springframework/data/spring-data-commons/2.2.4.RELEASE/spring-data-commons-2.2.4.RELEASE.jar:/home/cristian/.m2/repository/org/springframework/spring-orm/5.2.3.RELEASE/spring-orm-5.2.3.RELEASE.jar:/home/cristian/.m2/repository/org/springframework/spring-tx/5.2.3.RELEASE/spring-tx-5.2.3.RELEASE.jar:/home/cristian/.m2/repository/org/springframework/spring-aspects/5.2.3.RELEASE/spring-aspects-5.2.3.RELEASE.jar:/home/cristian/.m2/repository/org/springframework/boot/spring-boot-starter-validation/2.2.4.RELEASE/spring-boot-starter-validation-2.2.4.RELEASE.jar:/home/cristian/.m2/repository/jakarta/validation/jakarta.validation-api/2.0.2/jakarta.validation-api-2.0.2.jar:/home/cristian/.m2/repository/org/springframework/boot/spring-boot-starter-test/2.2.4.RELEASE/spring-boot-starter-test-2.2.4.RELEASE.jar:/home/cristian/.m2/repository/org/springframework/boot/spring-boot-test/2.2.4.RELEASE/spring-boot-test-2.2.4.RELEASE.jar:/home/cristian/.m2/repository/org/springframework/boot/spring-boot-test-autoconfigure/2.2.4.RELEASE/spring-boot-test-autoconfigure-2.2.4.RELEASE.jar:/home/cristian/.m2/repository/com/jayway/jsonpath/json-path/2.4.0/json-path-2.4.0.jar:/home/cristian/.m2/repository/net/minidev/json-smart/2.3/json-smart-2.3.jar:/home/cristian/.m2/repository/net/minidev/accessors-smart/1.2/accessors-smart-1.2.jar:/home/cristian/.m2/repository/org/ow2/asm/asm/5.0.4/asm-5.0.4.jar:/home/cristian/.m2/repository/jakarta/xml/bind/jakarta.xml.bind-api/2.3.2/jakarta.xml.bind-api-2.3.2.jar:/home/cristian/.m2/repository/org/junit/jupiter/junit-jupiter/5.5.2/junit-jupiter-5.5.2.jar:/home/cristian/.m2/repository/org/junit/jupiter/junit-jupiter-api/5.5.2/junit-jupiter-api-5.5.2.jar:/home/cristian/.m2/repository/org/apiguardian/apiguardian-api/1.1.0/apiguardian-api-1.1.0.jar:/home/cristian/.m2/repository/org/opentest4j/opentest4j/1.2.0/opentest4j-1.2.0.jar:/home/cristian/.m2/repository/org/junit/platform/junit-platform-commons/1.5.2/junit-platform-commons-1.5.2.jar:/home/cristian/.m2/repository/org/junit/jupiter/junit-jupiter-params/5.5.2/junit-jupiter-params-5.5.2.jar:/home/cristian/.m2/repository/org/junit/jupiter/junit-jupiter-engine/5.5.2/junit-jupiter-engine-5.5.2.jar:/home/cristian/.m2/repository/org/junit/platform/junit-platform-engine/1.5.2/junit-platform-engine-1.5.2.jar:/home/cristian/.m2/repository/org/mockito/mockito-junit-jupiter/3.1.0/mockito-junit-jupiter-3.1.0.jar:/home/cristian/.m2/repository/org/assertj/assertj-core/3.13.2/assertj-core-3.13.2.jar:/home/cristian/.m2/repository/org/hamcrest/hamcrest/2.1/hamcrest-2.1.jar:/home/cristian/.m2/repository/org/mockito/mockito-core/3.1.0/mockito-core-3.1.0.jar:/home/cristian/.m2/repository/net/bytebuddy/byte-buddy-agent/1.10.6/byte-buddy-agent-1.10.6.jar:/home/cristian/.m2/repository/org/objenesis/objenesis/2.6/objenesis-2.6.jar:/home/cristian/.m2/repository/org/skyscreamer/jsonassert/1.5.0/jsonassert-1.5.0.jar:/home/cristian/.m2/repository/com/vaadin/external/google/android-json/0.0.20131108.vaadin1/android-json-0.0.20131108.vaadin1.jar:/home/cristian/.m2/repository/org/springframework/spring-test/5.2.3.RELEASE/spring-test-5.2.3.RELEASE.jar:/home/cristian/.m2/repository/org/xmlunit/xmlunit-core/2.6.3/xmlunit-core-2.6.3.jar:/home/cristian/.m2/repository/org/postgresql/postgresql/42.2.9/postgresql-42.2.9.jar:/home/cristian/.m2/repository/io/springfox/springfox-swagger2/2.9.2/springfox-swagger2-2.9.2.jar:/home/cristian/.m2/repository/io/swagger/swagger-annotations/1.5.20/swagger-annotations-1.5.20.jar:/home/cristian/.m2/repository/io/swagger/swagger-models/1.5.20/swagger-models-1.5.20.jar:/home/cristian/.m2/repository/com/fasterxml/jackson/core/jackson-annotations/2.10.2/jackson-annotations-2.10.2.jar:/home/cristian/.m2/repository/io/springfox/springfox-spi/2.9.2/springfox-spi-2.9.2.jar:/home/cristian/.m2/repository/io/springfox/springfox-core/2.9.2/springfox-core-2.9.2.jar:/home/cristian/.m2/repository/io/springfox/springfox-schema/2.9.2/springfox-schema-2.9.2.jar:/home/cristian/.m2/repository/io/springfox/springfox-swagger-common/2.9.2/springfox-swagger-common-2.9.2.jar:/home/cristian/.m2/repository/io/springfox/springfox-spring-web/2.9.2/springfox-spring-web-2.9.2.jar:/home/cristian/.m2/repository/com/google/guava/guava/20.0/guava-20.0.jar:/home/cristian/.m2/repository/com/fasterxml/classmate/1.5.1/classmate-1.5.1.jar:/home/cristian/.m2/repository/org/slf4j/slf4j-api/1.7.30/slf4j-api-1.7.30.jar:/home/cristian/.m2/repository/org/springframework/plugin/spring-plugin-core/1.2.0.RELEASE/spring-plugin-core-1.2.0.RELEASE.jar:/home/cristian/.m2/repository/org/springframework/plugin/spring-plugin-metadata/1.2.0.RELEASE/spring-plugin-metadata-1.2.0.RELEASE.jar:/home/cristian/.m2/repository/org/mapstruct/mapstruct/1.2.0.Final/mapstruct-1.2.0.Final.jar:/home/cristian/.m2/repository/io/springfox/springfox-swagger-ui/2.9.2/springfox-swagger-ui-2.9.2.jar:/home/cristian/.m2/repository/org/hibernate/hibernate-core/5.4.10.Final/hibernate-core-5.4.10.Final.jar:/home/cristian/.m2/repository/org/jboss/logging/jboss-logging/3.4.1.Final/jboss-logging-3.4.1.Final.jar:/home/cristian/.m2/repository/javax/persistence/javax.persistence-api/2.2/javax.persistence-api-2.2.jar:/home/cristian/.m2/repository/org/javassist/javassist/3.24.0-GA/javassist-3.24.0-GA.jar:/home/cristian/.m2/repository/net/bytebuddy/byte-buddy/1.10.6/byte-buddy-1.10.6.jar:/home/cristian/.m2/repository/antlr/antlr/2.7.7/antlr-2.7.7.jar:/home/cristian/.m2/repository/org/jboss/spec/javax/transaction/jboss-transaction-api_1.2_spec/1.1.1.Final/jboss-transaction-api_1.2_spec-1.1.1.Final.jar:/home/cristian/.m2/repository/org/jboss/jandex/2.1.1.Final/jandex-2.1.1.Final.jar:/home/cristian/.m2/repository/javax/activation/javax.activation-api/1.2.0/javax.activation-api-1.2.0.jar:/home/cristian/.m2/repository/org/dom4j/dom4j/2.1.1/dom4j-2.1.1.jar:/home/cristian/.m2/repository/org/hibernate/common/hibernate-commons-annotations/5.1.0.Final/hibernate-commons-annotations-5.1.0.Final.jar:/home/cristian/.m2/repository/javax/xml/bind/jaxb-api/2.3.1/jaxb-api-2.3.1.jar:/home/cristian/.m2/repository/org/glassfish/jaxb/jaxb-runtime/2.3.2/jaxb-runtime-2.3.2.jar:/home/cristian/.m2/repository/org/glassfish/jaxb/txw2/2.3.2/txw2-2.3.2.jar:/home/cristian/.m2/repository/com/sun/istack/istack-commons-runtime/3.0.8/istack-commons-runtime-3.0.8.jar:/home/cristian/.m2/repository/org/jvnet/staxex/stax-ex/1.8.1/stax-ex-1.8.1.jar:/home/cristian/.m2/repository/com/sun/xml/fastinfoset/FastInfoset/1.2.16/FastInfoset-1.2.16.jar:/home/cristian/.m2/repository/junit/junit/4.12/junit-4.12.jar:/home/cristian/.m2/repository/org/hamcrest/hamcrest-core/2.1/hamcrest-core-2.1.jar:/home/cristian/.m2/repository/org/projectlombok/lombok/1.18.28/lombok-1.18.28.jar:/home/cristian/.m2/repository/org/hibernate/validator/hibernate-validator/6.2.0.Final/hibernate-validator-6.2.0.Final.jar:, java.vm.vendor=Oracle Corporation, sun.arch.data.model=64, java.vendor.url=https://java.oracle.com/, user.timezone=America/Sao_Paulo, user.country.format=BR, java.vm.specification.version=17, os.name=Linux, javax.persistence.validation.mode=AUTO, sun.java.launcher=SUN_STANDARD, user.country=US, sun.boot.library.path=/home/cristian/.sdkman/candidates/java/17.0.7-oracle/lib, sun.java.command=/home/cristian/workspace/meva/projeto-meva-category/target/surefire/surefirebooter15296977354069930362.jar /home/cristian/workspace/meva/projeto-meva-category/target/surefire 2023-08-02T16-03-28_238-jvmRun1 surefire2060094030961320914tmp surefire_01675639187988127777tmp, javax.persistence.nonJtaDataSource=HikariDataSource (HikariPool-1), hibernate.transaction.jta.platform=org.hibernate.engine.transaction.jta.platform.internal.NoJtaPlatform@4b77d80e, javax.persistence.sharedCache.mode=UNSPECIFIED, jdk.debug=release, surefire.test.class.path=/home/cristian/workspace/meva/projeto-meva-category/target/test-classes:/home/cristian/workspace/meva/projeto-meva-category/target/classes:/home/cristian/.m2/repository/org/springframework/boot/spring-boot-starter/2.2.4.RELEASE/spring-boot-starter-2.2.4.RELEASE.jar:/home/cristian/.m2/repository/org/springframework/boot/spring-boot/2.2.4.RELEASE/spring-boot-2.2.4.RELEASE.jar:/home/cristian/.m2/repository/org/springframework/spring-context/5.2.3.RELEASE/spring-context-5.2.3.RELEASE.jar:/home/cristian/.m2/repository/org/springframework/boot/spring-boot-autoconfigure/2.2.4.RELEASE/spring-boot-autoconfigure-2.2.4.RELEASE.jar:/home/cristian/.m2/repository/org/springframework/boot/spring-boot-starter-logging/2.2.4.RELEASE/spring-boot-starter-logging-2.2.4.RELEASE.jar:/home/cristian/.m2/repository/ch/qos/logback/logback-classic/1.2.3/logback-classic-1.2.3.jar:/home/cristian/.m2/repository/ch/qos/logback/logback-core/1.2.3/logback-core-1.2.3.jar:/home/cristian/.m2/repository/org/apache/logging/log4j/log4j-to-slf4j/2.12.1/log4j-to-slf4j-2.12.1.jar:/home/cristian/.m2/repository/org/apache/logging/log4j/log4j-api/2.12.1/log4j-api-2.12.1.jar:/home/cristian/.m2/repository/org/slf4j/jul-to-slf4j/1.7.30/jul-to-slf4j-1.7.30.jar:/home/cristian/.m2/repository/jakarta/annotation/jakarta.annotation-api/1.3.5/jakarta.annotation-api-1.3.5.jar:/home/cristian/.m2/repository/org/springframework/spring-core/5.2.3.RELEASE/spring-core-5.2.3.RELEASE.jar:/home/cristian/.m2/repository/org/springframework/spring-jcl/5.2.3.RELEASE/spring-jcl-5.2.3.RELEASE.jar:/home/cristian/.m2/repository/org/yaml/snakeyaml/1.25/snakeyaml-1.25.jar:/home/cristian/.m2/repository/org/springframework/boot/spring-boot-starter-actuator/2.2.4.RELEASE/spring-boot-starter-actuator-2.2.4.RELEASE.jar:/home/cristian/.m2/repository/org/springframework/boot/spring-boot-actuator-autoconfigure/2.2.4.RELEASE/spring-boot-actuator-autoconfigure-2.2.4.RELEASE.jar:/home/cristian/.m2/repository/org/springframework/boot/spring-boot-actuator/2.2.4.RELEASE/spring-boot-actuator-2.2.4.RELEASE.jar:/home/cristian/.m2/repository/com/fasterxml/jackson/core/jackson-databind/2.10.2/jackson-databind-2.10.2.jar:/home/cristian/.m2/repository/com/fasterxml/jackson/core/jackson-core/2.10.2/jackson-core-2.10.2.jar:/home/cristian/.m2/repository/com/fasterxml/jackson/datatype/jackson-datatype-jsr310/2.10.2/jackson-datatype-jsr310-2.10.2.jar:/home/cristian/.m2/repository/io/micrometer/micrometer-core/1.3.2/micrometer-core-1.3.2.jar:/home/cristian/.m2/repository/org/hdrhistogram/HdrHistogram/2.1.11/HdrHistogram-2.1.11.jar:/home/cristian/.m2/repository/org/latencyutils/LatencyUtils/2.0.3/LatencyUtils-2.0.3.jar:/home/cristian/.m2/repository/org/springframework/boot/spring-boot-starter-web/2.2.4.RELEASE/spring-boot-starter-web-2.2.4.RELEASE.jar:/home/cristian/.m2/repository/org/springframework/boot/spring-boot-starter-json/2.2.4.RELEASE/spring-boot-starter-json-2.2.4.RELEASE.jar:/home/cristian/.m2/repository/com/fasterxml/jackson/datatype/jackson-datatype-jdk8/2.10.2/jackson-datatype-jdk8-2.10.2.jar:/home/cristian/.m2/repository/com/fasterxml/jackson/module/jackson-module-parameter-names/2.10.2/jackson-module-parameter-names-2.10.2.jar:/home/cristian/.m2/repository/org/springframework/spring-web/5.2.3.RELEASE/spring-web-5.2.3.RELEASE.jar:/home/cristian/.m2/repository/org/springframework/spring-beans/5.2.3.RELEASE/spring-beans-5.2.3.RELEASE.jar:/home/cristian/.m2/repository/org/springframework/spring-webmvc/5.2.3.RELEASE/spring-webmvc-5.2.3.RELEASE.jar:/home/cristian/.m2/repository/org/springframework/spring-aop/5.2.3.RELEASE/spring-aop-5.2.3.RELEASE.jar:/home/cristian/.m2/repository/org/springframework/spring-expression/5.2.3.RELEASE/spring-expression-5.2.3.RELEASE.jar:/home/cristian/.m2/repository/org/springframework/boot/spring-boot-starter-tomcat/2.2.4.RELEASE/spring-boot-starter-tomcat-2.2.4.RELEASE.jar:/home/cristian/.m2/repository/org/apache/tomcat/embed/tomcat-embed-core/9.0.30/tomcat-embed-core-9.0.30.jar:/home/cristian/.m2/repository/org/apache/tomcat/embed/tomcat-embed-el/9.0.30/tomcat-embed-el-9.0.30.jar:/home/cristian/.m2/repository/org/apache/tomcat/embed/tomcat-embed-websocket/9.0.30/tomcat-embed-websocket-9.0.30.jar:/home/cristian/.m2/repository/org/springframework/boot/spring-boot-starter-data-jpa/2.2.4.RELEASE/spring-boot-starter-data-jpa-2.2.4.RELEASE.jar:/home/cristian/.m2/repository/org/springframework/boot/spring-boot-starter-aop/2.2.4.RELEASE/spring-boot-starter-aop-2.2.4.RELEASE.jar:/home/cristian/.m2/repository/org/aspectj/aspectjweaver/1.9.5/aspectjweaver-1.9.5.jar:/home/cristian/.m2/repository/org/springframework/boot/spring-boot-starter-jdbc/2.2.4.RELEASE/spring-boot-starter-jdbc-2.2.4.RELEASE.jar:/home/cristian/.m2/repository/com/zaxxer/HikariCP/3.4.2/HikariCP-3.4.2.jar:/home/cristian/.m2/repository/org/springframework/spring-jdbc/5.2.3.RELEASE/spring-jdbc-5.2.3.RELEASE.jar:/home/cristian/.m2/repository/jakarta/activation/jakarta.activation-api/1.2.1/jakarta.activation-api-1.2.1.jar:/home/cristian/.m2/repository/jakarta/persistence/jakarta.persistence-api/2.2.3/jakarta.persistence-api-2.2.3.jar:/home/cristian/.m2/repository/jakarta/transaction/jakarta.transaction-api/1.3.3/jakarta.transaction-api-1.3.3.jar:/home/cristian/.m2/repository/org/springframework/data/spring-data-jpa/2.2.4.RELEASE/spring-data-jpa-2.2.4.RELEASE.jar:/home/cristian/.m2/repository/org/springframework/data/spring-data-commons/2.2.4.RELEASE/spring-data-commons-2.2.4.RELEASE.jar:/home/cristian/.m2/repository/org/springframework/spring-orm/5.2.3.RELEASE/spring-orm-5.2.3.RELEASE.jar:/home/cristian/.m2/repository/org/springframework/spring-tx/5.2.3.RELEASE/spring-tx-5.2.3.RELEASE.jar:/home/cristian/.m2/repository/org/springframework/spring-aspects/5.2.3.RELEASE/spring-aspects-5.2.3.RELEASE.jar:/home/cristian/.m2/repository/org/springframework/boot/spring-boot-starter-validation/2.2.4.RELEASE/spring-boot-starter-validation-2.2.4.RELEASE.jar:/home/cristian/.m2/repository/jakarta/validation/jakarta.validation-api/2.0.2/jakarta.validation-api-2.0.2.jar:/home/cristian/.m2/repository/org/springframework/boot/spring-boot-starter-test/2.2.4.RELEASE/spring-boot-starter-test-2.2.4.RELEASE.jar:/home/cristian/.m2/repository/org/springframework/boot/spring-boot-test/2.2.4.RELEASE/spring-boot-test-2.2.4.RELEASE.jar:/home/cristian/.m2/repository/org/springframework/boot/spring-boot-test-autoconfigure/2.2.4.RELEASE/spring-boot-test-autoconfigure-2.2.4.RELEASE.jar:/home/cristian/.m2/repository/com/jayway/jsonpath/json-path/2.4.0/json-path-2.4.0.jar:/home/cristian/.m2/repository/net/minidev/json-smart/2.3/json-smart-2.3.jar:/home/cristian/.m2/repository/net/minidev/accessors-smart/1.2/accessors-smart-1.2.jar:/home/cristian/.m2/repository/org/ow2/asm/asm/5.0.4/asm-5.0.4.jar:/home/cristian/.m2/repository/jakarta/xml/bind/jakarta.xml.bind-api/2.3.2/jakarta.xml.bind-api-2.3.2.jar:/home/cristian/.m2/repository/org/junit/jupiter/junit-jupiter/5.5.2/junit-jupiter-5.5.2.jar:/home/cristian/.m2/repository/org/junit/jupiter/junit-jupiter-api/5.5.2/junit-jupiter-api-5.5.2.jar:/home/cristian/.m2/repository/org/apiguardian/apiguardian-api/1.1.0/apiguardian-api-1.1.0.jar:/home/cristian/.m2/repository/org/opentest4j/opentest4j/1.2.0/opentest4j-1.2.0.jar:/home/cristian/.m2/repository/org/junit/platform/junit-platform-commons/1.5.2/junit-platform-commons-1.5.2.jar:/home/cristian/.m2/repository/org/junit/jupiter/junit-jupiter-params/5.5.2/junit-jupiter-params-5.5.2.jar:/home/cristian/.m2/repository/org/junit/jupiter/junit-jupiter-engine/5.5.2/junit-jupiter-engine-5.5.2.jar:/home/cristian/.m2/repository/org/junit/platform/junit-platform-engine/1.5.2/junit-platform-engine-1.5.2.jar:/home/cristian/.m2/repository/org/mockito/mockito-junit-jupiter/3.1.0/mockito-junit-jupiter-3.1.0.jar:/home/cristian/.m2/repository/org/assertj/assertj-core/3.13.2/assertj-core-3.13.2.jar:/home/cristian/.m2/repository/org/hamcrest/hamcrest/2.1/hamcrest-2.1.jar:/home/cristian/.m2/repository/org/mockito/mockito-core/3.1.0/mockito-core-3.1.0.jar:/home/cristian/.m2/repository/net/bytebuddy/byte-buddy-agent/1.10.6/byte-buddy-agent-1.10.6.jar:/home/cristian/.m2/repository/org/objenesis/objenesis/2.6/objenesis-2.6.jar:/home/cristian/.m2/repository/org/skyscreamer/jsonassert/1.5.0/jsonassert-1.5.0.jar:/home/cristian/.m2/repository/com/vaadin/external/google/android-json/0.0.20131108.vaadin1/android-json-0.0.20131108.vaadin1.jar:/home/cristian/.m2/repository/org/springframework/spring-test/5.2.3.RELEASE/spring-test-5.2.3.RELEASE.jar:/home/cristian/.m2/repository/org/xmlunit/xmlunit-core/2.6.3/xmlunit-core-2.6.3.jar:/home/cristian/.m2/repository/org/postgresql/postgresql/42.2.9/postgresql-42.2.9.jar:/home/cristian/.m2/repository/io/springfox/springfox-swagger2/2.9.2/springfox-swagger2-2.9.2.jar:/home/cristian/.m2/repository/io/swagger/swagger-annotations/1.5.20/swagger-annotations-1.5.20.jar:/home/cristian/.m2/repository/io/swagger/swagger-models/1.5.20/swagger-models-1.5.20.jar:/home/cristian/.m2/repository/com/fasterxml/jackson/core/jackson-annotations/2.10.2/jackson-annotations-2.10.2.jar:/home/cristian/.m2/repository/io/springfox/springfox-spi/2.9.2/springfox-spi-2.9.2.jar:/home/cristian/.m2/repository/io/springfox/springfox-core/2.9.2/springfox-core-2.9.2.jar:/home/cristian/.m2/repository/io/springfox/springfox-schema/2.9.2/springfox-schema-2.9.2.jar:/home/cristian/.m2/repository/io/springfox/springfox-swagger-common/2.9.2/springfox-swagger-common-2.9.2.jar:/home/cristian/.m2/repository/io/springfox/springfox-spring-web/2.9.2/springfox-spring-web-2.9.2.jar:/home/cristian/.m2/repository/com/google/guava/guava/20.0/guava-20.0.jar:/home/cristian/.m2/repository/com/fasterxml/classmate/1.5.1/classmate-1.5.1.jar:/home/cristian/.m2/repository/org/slf4j/slf4j-api/1.7.30/slf4j-api-1.7.30.jar:/home/cristian/.m2/repository/org/springframework/plugin/spring-plugin-core/1.2.0.RELEASE/spring-plugin-core-1.2.0.RELEASE.jar:/home/cristian/.m2/repository/org/springframework/plugin/spring-plugin-metadata/1.2.0.RELEASE/spring-plugin-metadata-1.2.0.RELEASE.jar:/home/cristian/.m2/repository/org/mapstruct/mapstruct/1.2.0.Final/mapstruct-1.2.0.Final.jar:/home/cristian/.m2/repository/io/springfox/springfox-swagger-ui/2.9.2/springfox-swagger-ui-2.9.2.jar:/home/cristian/.m2/repository/org/hibernate/hibernate-core/5.4.10.Final/hibernate-core-5.4.10.Final.jar:/home/cristian/.m2/repository/org/jboss/logging/jboss-logging/3.4.1.Final/jboss-logging-3.4.1.Final.jar:/home/cristian/.m2/repository/javax/persistence/javax.persistence-api/2.2/javax.persistence-api-2.2.jar:/home/cristian/.m2/repository/org/javassist/javassist/3.24.0-GA/javassist-3.24.0-GA.jar:/home/cristian/.m2/repository/net/bytebuddy/byte-buddy/1.10.6/byte-buddy-1.10.6.jar:/home/cristian/.m2/repository/antlr/antlr/2.7.7/antlr-2.7.7.jar:/home/cristian/.m2/repository/org/jboss/spec/javax/transaction/jboss-transaction-api_1.2_spec/1.1.1.Final/jboss-transaction-api_1.2_spec-1.1.1.Final.jar:/home/cristian/.m2/repository/org/jboss/jandex/2.1.1.Final/jandex-2.1.1.Final.jar:/home/cristian/.m2/repository/javax/activation/javax.activation-api/1.2.0/javax.activation-api-1.2.0.jar:/home/cristian/.m2/repository/org/dom4j/dom4j/2.1.1/dom4j-2.1.1.jar:/home/cristian/.m2/repository/org/hibernate/common/hibernate-commons-annotations/5.1.0.Final/hibernate-commons-annotations-5.1.0.Final.jar:/home/cristian/.m2/repository/javax/xml/bind/jaxb-api/2.3.1/jaxb-api-2.3.1.jar:/home/cristian/.m2/repository/org/glassfish/jaxb/jaxb-runtime/2.3.2/jaxb-runtime-2.3.2.jar:/home/cristian/.m2/repository/org/glassfish/jaxb/txw2/2.3.2/txw2-2.3.2.jar:/home/cristian/.m2/repository/com/sun/istack/istack-commons-runtime/3.0.8/istack-commons-runtime-3.0.8.jar:/home/cristian/.m2/repository/org/jvnet/staxex/stax-ex/1.8.1/stax-ex-1.8.1.jar:/home/cristian/.m2/repository/com/sun/xml/fastinfoset/FastInfoset/1.2.16/FastInfoset-1.2.16.jar:/home/cristian/.m2/repository/junit/junit/4.12/junit-4.12.jar:/home/cristian/.m2/repository/org/hamcrest/hamcrest-core/2.1/hamcrest-core-2.1.jar:/home/cristian/.m2/repository/org/projectlombok/lombok/1.18.28/lombok-1.18.28.jar:/home/cristian/.m2/repository/org/hibernate/validator/hibernate-validator/6.2.0.Final/hibernate-validator-6.2.0.Final.jar:, sun.cpu.endian=little, user.home=/home/cristian, user.language=en, java.specification.vendor=Oracle Corporation, java.version.date=2023-04-18, java.home=/home/cristian/.sdkman/candidates/java/17.0.7-oracle, file.separator=/, basedir=/home/cristian/workspace/meva/projeto-meva-category, java.vm.compressedOopsMode=32-bit, line.separator=
, java.vm.specification.vendor=Oracle Corporation, java.specification.name=Java Platform API Specification, hibernate.transaction.coordinator_class=class org.hibernate.resource.transaction.backend.jdbc.internal.JdbcResourceLocalTransactionCoordinatorBuilderImpl, java.awt.headless=true, surefire.real.class.path=/home/cristian/workspace/meva/projeto-meva-category/target/surefire/surefirebooter15296977354069930362.jar, hibernate.hbm2ddl.auto=create, sun.management.compiler=HotSpot 64-Bit Tiered Compilers, java.runtime.version=17.0.7+8-LTS-224, user.name=cristian, path.separator=:, os.version=5.19.0-50-generic, java.runtime.name=Java(TM) SE Runtime Environment, file.encoding=UTF-8, hibernate.ejb.persistenceUnitName=default, spring.beaninfo.ignore=true, java.vm.name=Java HotSpot(TM) 64-Bit Server VM, hibernate.show_sql=true, localRepository=/home/cristian/.m2/repository, java.vendor.url.bug=https://bugreport.java.com/bugreport/, java.io.tmpdir=/tmp, java.version=17.0.7, hibernate.physical_naming_strategy=org.springframework.boot.orm.jpa.hibernate.SpringPhysicalNamingStrategy, user.dir=/home/cristian/workspace/meva/projeto-meva-category, os.arch=amd64, java.vm.specification.name=Java Virtual Machine Specification, PID=19078, user.language.format=pt, hibernate.boot.CfgXmlAccessService.key=org.hibernate.boot.registry.StandardServiceRegistryBuilder$1@60cc749d, native.encoding=UTF-8, java.library.path=/usr/java/packages/lib:/usr/lib64:/lib64:/lib:/usr/lib, java.vendor=Oracle Corporation, java.vm.info=mixed mode, sharing, java.vm.version=17.0.7+8-LTS-224, hibernate.bytecode.use_reflection_optimizer=false, sun.io.unicode.encoding=UnicodeLittle, hibernate.archive.scanner=org.hibernate.boot.archive.scan.internal.DisabledScanner, hibernate.connection.datasource=HikariDataSource (HikariPool-1), CONSOLE_LOG_PATTERN=%d %-5level %logger : %msg%n, java.class.version=61.0}
2023-08-02 16:03:36,099 DEBUG org.hibernate.validator.internal.xml.config.ValidationXmlParser : Trying to load META-INF/validation.xml for XML based Validator configuration.
2023-08-02 16:03:36,099 DEBUG org.hibernate.validator.internal.xml.config.ResourceLoaderHelper : Trying to load META-INF/validation.xml via TCCL
2023-08-02 16:03:36,100 DEBUG org.hibernate.validator.internal.xml.config.ResourceLoaderHelper : Trying to load META-INF/validation.xml via Hibernate Validator's class loader
2023-08-02 16:03:36,100 DEBUG org.hibernate.validator.internal.xml.config.ValidationXmlParser : No META-INF/validation.xml found. Using annotation based configuration only.
2023-08-02 16:03:36,100 DEBUG org.hibernate.validator.internal.engine.resolver.TraversableResolvers : Found javax.persistence.Persistence on classpath containing 'getPersistenceUtil'. Assuming JPA 2 environment. Trying to instantiate JPA aware TraversableResolver
2023-08-02 16:03:36,100 DEBUG org.hibernate.validator.internal.engine.resolver.TraversableResolvers : Instantiated JPA aware TraversableResolver of type org.hibernate.validator.internal.engine.resolver.JPATraversableResolver.
2023-08-02 16:03:36,101 DEBUG org.hibernate.validator.messageinterpolation.ResourceBundleMessageInterpolator : Loaded expression factory via original TCCL
2023-08-02 16:03:36,103 DEBUG org.hibernate.validator.internal.engine.ValidatorFactoryConfigurationHelper : HV000252: Using org.hibernate.validator.internal.engine.DefaultPropertyNodeNameProvider as property node name provider.
2023-08-02 16:03:36,103 DEBUG org.hibernate.validator.internal.engine.ValidatorFactoryConfigurationHelper : HV000234: Using org.hibernate.validator.messageinterpolation.ResourceBundleMessageInterpolator as ValidatorFactory-scoped message interpolator.
2023-08-02 16:03:36,104 DEBUG org.hibernate.validator.internal.engine.ValidatorFactoryConfigurationHelper : HV000234: Using org.hibernate.validator.internal.engine.resolver.JPATraversableResolver as ValidatorFactory-scoped traversable resolver.
2023-08-02 16:03:36,104 DEBUG org.hibernate.validator.internal.engine.ValidatorFactoryConfigurationHelper : HV000234: Using org.hibernate.validator.internal.util.ExecutableParameterNameProvider as ValidatorFactory-scoped parameter name provider.
2023-08-02 16:03:36,104 DEBUG org.hibernate.validator.internal.engine.ValidatorFactoryConfigurationHelper : HV000234: Using org.hibernate.validator.internal.engine.DefaultClockProvider as ValidatorFactory-scoped clock provider.
[...]
2023-08-02 16:03:36,710 DEBUG org.hibernate.loader.plan.build.internal.spaces.QuerySpacesImpl : Adding QuerySpace : uid = <gen:1> -> org.hibernate.loader.plan.build.internal.spaces.EntityQuerySpaceImpl@763a602]
2023-08-02 16:03:36,711 DEBUG org.hibernate.persister.walking.spi.MetamodelGraphWalker : Visiting attribute path : category
2023-08-02 16:03:36,711 DEBUG org.hibernate.persister.walking.spi.MetamodelGraphWalker : Property path deemed to be circular : category
2023-08-02 16:03:36,712 DEBUG org.hibernate.persister.walking.spi.MetamodelGraphWalker : Visiting attribute path : description
2023-08-02 16:03:36,712 DEBUG org.hibernate.loader.plan.build.internal.FetchStyleLoadPlanBuildingAssociationVisitationStrategy : Building LoadPlan...
2023-08-02 16:03:36,717 DEBUG org.hibernate.loader.plan.exec.internal.LoadQueryJoinAndFetchProcessor : processing queryspace <gen:0>
2023-08-02 16:03:36,718 DEBUG org.hibernate.loader.plan.build.spi.LoadPlanTreePrinter : LoadPlan(collection=com.meva.finance.entity.Category.subCategories)
    - Returns
       - CollectionReturnImpl(collection=com.meva.finance.entity.Category.subCategories, querySpaceUid=<gen:0>, path=[com.meva.finance.entity.Category.subCategories])
          - (collection element) CollectionFetchableElementEntityGraph(entity=com.meva.finance.entity.SubCategory, querySpaceUid=<gen:1>, path=[com.meva.finance.entity.Category.subCategories].<elements>)
    - QuerySpaces
       - CollectionQuerySpaceImpl(uid=<gen:0>, collection=com.meva.finance.entity.Category.subCategories)
          - SQL table alias mapping - subcategor0_
          - alias suffix - 0_
          - suffixed key columns - {id_categ3_1_0_}
          - entity-element alias suffix - 1_
          - 1_entity-element suffixed key columns - id_sub_c1_1_1_
          - JOIN (JoinDefinedByMetadata(elements)) : <gen:0> -> <gen:1>
             - EntityQuerySpaceImpl(uid=<gen:1>, entity=com.meva.finance.entity.SubCategory)
                - SQL table alias mapping - subcategor0_
                - alias suffix - 1_
                - suffixed key columns - {id_sub_c1_1_1_}

2023-08-02 16:03:36,719 DEBUG org.hibernate.loader.collection.plan.CollectionLoader : Static select for collection com.meva.finance.entity.Category.subCategories: select subcategor0_.id_category as id_categ3_1_0_, subcategor0_.id_sub_category as id_sub_c1_1_0_, subcategor0_.id_sub_category as id_sub_c1_1_1_, subcategor0_.id_category as id_categ3_1_1_, subcategor0_.description as descript2_1_1_ from sub_category subcategor0_ where subcategor0_.id_category=?
2023-08-02 16:03:36,799 DEBUG org.hibernate.SQL : alter table sub_category drop constraint FKq5fr6mds6m78gvs09c812bj7l
Hibernate: alter table sub_category drop constraint FKq5fr6mds6m78gvs09c812bj7l
2023-08-02 16:03:36,807 DEBUG org.hibernate.SQL : drop table if exists category cascade
Hibernate: drop table if exists category cascade
2023-08-02 16:03:36,815 DEBUG org.hibernate.SQL : drop table if exists sub_category cascade
Hibernate: drop table if exists sub_category cascade
2023-08-02 16:03:36,822 DEBUG org.hibernate.SQL : drop sequence if exists hibernate_sequence
Hibernate: drop sequence if exists hibernate_sequence
2023-08-02 16:03:36,829 DEBUG org.hibernate.SQL : drop sequence if exists sub_category_id_sub_category_seq
Hibernate: drop sequence if exists sub_category_id_sub_category_seq
2023-08-02 16:03:36,840 DEBUG org.hibernate.SQL : create sequence hibernate_sequence start 1 increment 1
Hibernate: create sequence hibernate_sequence start 1 increment 1
2023-08-02 16:03:36,848 DEBUG org.hibernate.SQL : create sequence sub_category_id_sub_category_seq start 1 increment 1
Hibernate: create sequence sub_category_id_sub_category_seq start 1 increment 1
2023-08-02 16:03:36,855 DEBUG org.hibernate.SQL : create table category (id_category int4 not null, description varchar(255), primary key (id_category))
Hibernate: create table category (id_category int4 not null, description varchar(255), primary key (id_category))
2023-08-02 16:03:36,874 DEBUG org.hibernate.SQL : create table sub_category (id_sub_category int4 not null, description varchar(255), id_category int4 not null, primary key (id_sub_category))
Hibernate: create table sub_category (id_sub_category int4 not null, description varchar(255), id_category int4 not null, primary key (id_sub_category))
2023-08-02 16:03:36,892 DEBUG org.hibernate.SQL : alter table sub_category add constraint FKq5fr6mds6m78gvs09c812bj7l foreign key (id_category) references category
Hibernate: alter table sub_category add constraint FKq5fr6mds6m78gvs09c812bj7l foreign key (id_category) references category
2023-08-02 16:03:36,902 INFO  org.hibernate.engine.transaction.jta.platform.internal.JtaPlatformInitiator : HHH000490: Using JtaPlatform implementation: [org.hibernate.engine.transaction.jta.platform.internal.NoJtaPlatform]
2023-08-02 16:03:36,903 DEBUG org.hibernate.query.spi.NamedQueryRepository : Checking 0 named HQL queries
2023-08-02 16:03:36,904 DEBUG org.hibernate.query.spi.NamedQueryRepository : Checking 0 named SQL queries
2023-08-02 16:03:36,913 DEBUG org.hibernate.internal.SessionFactoryRegistry : Initializing SessionFactoryRegistry : org.hibernate.internal.SessionFactoryRegistry@7f439e1a
2023-08-02 16:03:36,914 DEBUG org.hibernate.internal.SessionFactoryRegistry : Registering SessionFactory: c0d9528e-7e8d-4f1e-ae2e-b64f1dd99b11 (<unnamed>)
2023-08-02 16:03:36,914 DEBUG org.hibernate.internal.SessionFactoryRegistry : Not binding SessionFactory to JNDI, no JNDI name configured
2023-08-02 16:03:36,914 INFO  org.springframework.orm.jpa.LocalContainerEntityManagerFactoryBean : Initialized JPA EntityManagerFactory for persistence unit 'default'
2023-08-02 16:03:37,121 DEBUG org.hibernate.stat.internal.StatisticsInitiator : Statistics initialized [enabled=false]
2023-08-02 16:03:37,341 DEBUG org.hibernate.engine.transaction.internal.TransactionImpl : On TransactionImpl creation, JpaCompliance#isJpaTransactionComplianceEnabled == false
2023-08-02 16:03:37,457 DEBUG org.hibernate.engine.transaction.internal.TransactionImpl : On TransactionImpl creation, JpaCompliance#isJpaTransactionComplianceEnabled == false
2023-08-02 16:03:37,473 WARN  org.springframework.web.context.support.GenericWebApplicationContext : Exception encountered during context initialization - cancelling refresh attempt: org.springframework.beans.factory.UnsatisfiedDependencyException: Error creating bean with name 'subCategoryRequest' defined in file [/home/cristian/workspace/meva/projeto-meva-category/target/classes/com/meva/finance/dto/request/SubCategoryRequest.class]: Unsatisfied dependency expressed through constructor parameter 0; nested exception is org.springframework.beans.factory.NoSuchBeanDefinitionException: No qualifying bean of type 'java.lang.String' available: expected at least 1 bean which qualifies as autowire candidate. Dependency annotations: {}
2023-08-02 16:03:37,474 INFO  org.springframework.orm.jpa.LocalContainerEntityManagerFactoryBean : Closing JPA EntityManagerFactory for persistence unit 'default'
2023-08-02 16:03:37,475 DEBUG org.hibernate.internal.SessionFactoryImpl : HHH000031: Closing
2023-08-02 16:03:37,475 DEBUG org.hibernate.type.spi.TypeConfiguration$Scope : Un-scoping TypeConfiguration [org.hibernate.type.spi.TypeConfiguration$Scope@1cb23635] from SessionFactory [org.hibernate.internal.SessionFactoryImpl@4be2f788]
2023-08-02 16:03:37,476 DEBUG org.hibernate.service.internal.AbstractServiceRegistryImpl : Implicitly destroying ServiceRegistry on de-registration of all child ServiceRegistries
2023-08-02 16:03:37,477 DEBUG org.hibernate.boot.registry.internal.BootstrapServiceRegistryImpl : Implicitly destroying Boot-strap registry on de-registration of all child ServiceRegistries
2023-08-02 16:03:37,477 INFO  com.zaxxer.hikari.HikariDataSource : HikariPool-1 - Shutdown initiated...
2023-08-02 16:03:37,497 INFO  com.zaxxer.hikari.HikariDataSource : HikariPool-1 - Shutdown completed.
2023-08-02 16:03:37,516 INFO  org.springframework.boot.autoconfigure.logging.ConditionEvaluationReportLoggingListener : 

Error starting ApplicationContext. To display the conditions report re-run your application with 'debug' enabled.
2023-08-02 16:03:37,720 ERROR org.springframework.boot.diagnostics.LoggingFailureAnalysisReporter : 

***************************
APPLICATION FAILED TO START
***************************

Description:

Parameter 0 of constructor in com.meva.finance.dto.request.SubCategoryRequest required a bean of type 'java.lang.String' that could not be found.


Action:

Consider defining a bean of type 'java.lang.String' in your configuration.

2023-08-02 16:03:37,729 ERROR org.springframework.test.context.TestContextManager : Caught exception while allowing TestExecutionListener [org.springframework.test.context.web.ServletTestExecutionListener@184dbacc] to prepare test instance [com.meva.finance.ApplicationTest@3bee1bb3]
java.lang.IllegalStateException: Failed to load ApplicationContext
	at org.springframework.test.context.cache.DefaultCacheAwareContextLoaderDelegate.loadContext(DefaultCacheAwareContextLoaderDelegate.java:132)
	at org.springframework.test.context.support.DefaultTestContext.getApplicationContext(DefaultTestContext.java:123)
	at org.springframework.test.context.web.ServletTestExecutionListener.setUpRequestContextIfNecessary(ServletTestExecutionListener.java:190)
	at org.springframework.test.context.web.ServletTestExecutionListener.prepareTestInstance(ServletTestExecutionListener.java:132)
	at org.springframework.test.context.TestContextManager.prepareTestInstance(TestContextManager.java:244)
	at org.springframework.test.context.junit.jupiter.SpringExtension.postProcessTestInstance(SpringExtension.java:98)
	at org.junit.jupiter.engine.descriptor.ClassBasedTestDescriptor.lambda$invokeTestInstancePostProcessors$5(ClassBasedTestDescriptor.java:337)
	at org.junit.jupiter.engine.descriptor.ClassBasedTestDescriptor.executeAndMaskThrowable(ClassBasedTestDescriptor.java:342)
	at org.junit.jupiter.engine.descriptor.ClassBasedTestDescriptor.lambda$invokeTestInstancePostProcessors$6(ClassBasedTestDescriptor.java:337)
	at java.base/java.util.stream.ReferencePipeline$3$1.accept(ReferencePipeline.java:197)
	at java.base/java.util.stream.ReferencePipeline$2$1.accept(ReferencePipeline.java:179)
	at java.base/java.util.ArrayList$ArrayListSpliterator.forEachRemaining(ArrayList.java:1625)
	at java.base/java.util.stream.AbstractPipeline.copyInto(AbstractPipeline.java:509)
	at java.base/java.util.stream.AbstractPipeline.wrapAndCopyInto(AbstractPipeline.java:499)
	at java.base/java.util.stream.StreamSpliterators$WrappingSpliterator.forEachRemaining(StreamSpliterators.java:310)
	at java.base/java.util.stream.Streams$ConcatSpliterator.forEachRemaining(Streams.java:735)
	at java.base/java.util.stream.Streams$ConcatSpliterator.forEachRemaining(Streams.java:734)
	at java.base/java.util.stream.ReferencePipeline$Head.forEach(ReferencePipeline.java:762)
	at org.junit.jupiter.engine.descriptor.ClassBasedTestDescriptor.invokeTestInstancePostProcessors(ClassBasedTestDescriptor.java:336)
	at org.junit.jupiter.engine.descriptor.ClassBasedTestDescriptor.instantiateAndPostProcessTestInstance(ClassBasedTestDescriptor.java:259)
	at org.junit.jupiter.engine.descriptor.ClassBasedTestDescriptor.lambda$testInstancesProvider$2(ClassBasedTestDescriptor.java:252)
	at java.base/java.util.Optional.orElseGet(Optional.java:364)
	at org.junit.jupiter.engine.descriptor.ClassBasedTestDescriptor.lambda$testInstancesProvider$3(ClassBasedTestDescriptor.java:251)
	at org.junit.jupiter.engine.execution.TestInstancesProvider.getTestInstances(TestInstancesProvider.java:29)
	at org.junit.jupiter.engine.descriptor.TestMethodTestDescriptor.lambda$prepare$0(TestMethodTestDescriptor.java:106)
	at org.junit.platform.engine.support.hierarchical.ThrowableCollector.execute(ThrowableCollector.java:73)
	at org.junit.jupiter.engine.descriptor.TestMethodTestDescriptor.prepare(TestMethodTestDescriptor.java:105)
	at org.junit.jupiter.engine.descriptor.TestMethodTestDescriptor.prepare(TestMethodTestDescriptor.java:69)
	at org.junit.platform.engine.support.hierarchical.NodeTestTask.lambda$prepare$1(NodeTestTask.java:107)
	at org.junit.platform.engine.support.hierarchical.ThrowableCollector.execute(ThrowableCollector.java:73)
	at org.junit.platform.engine.support.hierarchical.NodeTestTask.prepare(NodeTestTask.java:107)
	at org.junit.platform.engine.support.hierarchical.NodeTestTask.execute(NodeTestTask.java:75)
	at java.base/java.util.ArrayList.forEach(ArrayList.java:1511)
	at org.junit.platform.engine.support.hierarchical.SameThreadHierarchicalTestExecutorService.invokeAll(SameThreadHierarchicalTestExecutorService.java:38)
	at org.junit.platform.engine.support.hierarchical.NodeTestTask.lambda$executeRecursively$5(NodeTestTask.java:139)
	at org.junit.platform.engine.support.hierarchical.ThrowableCollector.execute(ThrowableCollector.java:73)
	at org.junit.platform.engine.support.hierarchical.NodeTestTask.lambda$executeRecursively$7(NodeTestTask.java:125)
	at org.junit.platform.engine.support.hierarchical.Node.around(Node.java:135)
	at org.junit.platform.engine.support.hierarchical.NodeTestTask.lambda$executeRecursively$8(NodeTestTask.java:123)
	at org.junit.platform.engine.support.hierarchical.ThrowableCollector.execute(ThrowableCollector.java:73)
	at org.junit.platform.engine.support.hierarchical.NodeTestTask.executeRecursively(NodeTestTask.java:122)
	at org.junit.platform.engine.support.hierarchical.NodeTestTask.execute(NodeTestTask.java:80)
	at java.base/java.util.ArrayList.forEach(ArrayList.java:1511)
	at org.junit.platform.engine.support.hierarchical.SameThreadHierarchicalTestExecutorService.invokeAll(SameThreadHierarchicalTestExecutorService.java:38)
	at org.junit.platform.engine.support.hierarchical.NodeTestTask.lambda$executeRecursively$5(NodeTestTask.java:139)
	at org.junit.platform.engine.support.hierarchical.ThrowableCollector.execute(ThrowableCollector.java:73)
	at org.junit.platform.engine.support.hierarchical.NodeTestTask.lambda$executeRecursively$7(NodeTestTask.java:125)
	at org.junit.platform.engine.support.hierarchical.Node.around(Node.java:135)
	at org.junit.platform.engine.support.hierarchical.NodeTestTask.lambda$executeRecursively$8(NodeTestTask.java:123)
	at org.junit.platform.engine.support.hierarchical.ThrowableCollector.execute(ThrowableCollector.java:73)
	at org.junit.platform.engine.support.hierarchical.NodeTestTask.executeRecursively(NodeTestTask.java:122)
	at org.junit.platform.engine.support.hierarchical.NodeTestTask.execute(NodeTestTask.java:80)
	at org.junit.platform.engine.support.hierarchical.SameThreadHierarchicalTestExecutorService.submit(SameThreadHierarchicalTestExecutorService.java:32)
	at org.junit.platform.engine.support.hierarchical.HierarchicalTestExecutor.execute(HierarchicalTestExecutor.java:57)
	at org.junit.platform.engine.support.hierarchical.HierarchicalTestEngine.execute(HierarchicalTestEngine.java:51)
	at org.junit.platform.launcher.core.DefaultLauncher.execute(DefaultLauncher.java:220)
	at org.junit.platform.launcher.core.DefaultLauncher.lambda$execute$6(DefaultLauncher.java:188)
	at org.junit.platform.launcher.core.DefaultLauncher.withInterceptedStreams(DefaultLauncher.java:202)
	at org.junit.platform.launcher.core.DefaultLauncher.execute(DefaultLauncher.java:181)
	at org.junit.platform.launcher.core.DefaultLauncher.execute(DefaultLauncher.java:128)
	at org.apache.maven.surefire.junitplatform.JUnitPlatformProvider.invokeAllTests(JUnitPlatformProvider.java:150)
	at org.apache.maven.surefire.junitplatform.JUnitPlatformProvider.invoke(JUnitPlatformProvider.java:124)
	at org.apache.maven.surefire.booter.ForkedBooter.invokeProviderInSameClassLoader(ForkedBooter.java:384)
	at org.apache.maven.surefire.booter.ForkedBooter.runSuitesInProcess(ForkedBooter.java:345)
	at org.apache.maven.surefire.booter.ForkedBooter.execute(ForkedBooter.java:126)
	at org.apache.maven.surefire.booter.ForkedBooter.main(ForkedBooter.java:418)
Caused by: org.springframework.beans.factory.UnsatisfiedDependencyException: Error creating bean with name 'subCategoryRequest' defined in file [/home/cristian/workspace/meva/projeto-meva-category/target/classes/com/meva/finance/dto/request/SubCategoryRequest.class]: Unsatisfied dependency expressed through constructor parameter 0; nested exception is org.springframework.beans.factory.NoSuchBeanDefinitionException: No qualifying bean of type 'java.lang.String' available: expected at least 1 bean which qualifies as autowire candidate. Dependency annotations: {}
	at org.springframework.beans.factory.support.ConstructorResolver.createArgumentArray(ConstructorResolver.java:798)
	at org.springframework.beans.factory.support.ConstructorResolver.autowireConstructor(ConstructorResolver.java:228)
	at org.springframework.beans.factory.support.AbstractAutowireCapableBeanFactory.autowireConstructor(AbstractAutowireCapableBeanFactory.java:1358)
	at org.springframework.beans.factory.support.AbstractAutowireCapableBeanFactory.createBeanInstance(AbstractAutowireCapableBeanFactory.java:1204)
	at org.springframework.beans.factory.support.AbstractAutowireCapableBeanFactory.doCreateBean(AbstractAutowireCapableBeanFactory.java:557)
	at org.springframework.beans.factory.support.AbstractAutowireCapableBeanFactory.createBean(AbstractAutowireCapableBeanFactory.java:517)
	at org.springframework.beans.factory.support.AbstractBeanFactory.lambda$doGetBean$0(AbstractBeanFactory.java:323)
	at org.springframework.beans.factory.support.DefaultSingletonBeanRegistry.getSingleton(DefaultSingletonBeanRegistry.java:222)
	at org.springframework.beans.factory.support.AbstractBeanFactory.doGetBean(AbstractBeanFactory.java:321)
	at org.springframework.beans.factory.support.AbstractBeanFactory.getBean(AbstractBeanFactory.java:202)
	at org.springframework.beans.factory.support.DefaultListableBeanFactory.preInstantiateSingletons(DefaultListableBeanFactory.java:879)
	at org.springframework.context.support.AbstractApplicationContext.finishBeanFactoryInitialization(AbstractApplicationContext.java:878)
	at org.springframework.context.support.AbstractApplicationContext.refresh(AbstractApplicationContext.java:550)
	at org.springframework.boot.SpringApplication.refresh(SpringApplication.java:747)
	at org.springframework.boot.SpringApplication.refreshContext(SpringApplication.java:397)
	at org.springframework.boot.SpringApplication.run(SpringApplication.java:315)
	at org.springframework.boot.test.context.SpringBootContextLoader.loadContext(SpringBootContextLoader.java:126)
	at org.springframework.test.context.cache.DefaultCacheAwareContextLoaderDelegate.loadContextInternal(DefaultCacheAwareContextLoaderDelegate.java:99)
	at org.springframework.test.context.cache.DefaultCacheAwareContextLoaderDelegate.loadContext(DefaultCacheAwareContextLoaderDelegate.java:124)
	... 65 common frames omitted
Caused by: org.springframework.beans.factory.NoSuchBeanDefinitionException: No qualifying bean of type 'java.lang.String' available: expected at least 1 bean which qualifies as autowire candidate. Dependency annotations: {}
	at org.springframework.beans.factory.support.DefaultListableBeanFactory.raiseNoMatchingBeanFound(DefaultListableBeanFactory.java:1695)
	at org.springframework.beans.factory.support.DefaultListableBeanFactory.doResolveDependency(DefaultListableBeanFactory.java:1253)
	at org.springframework.beans.factory.support.DefaultListableBeanFactory.resolveDependency(DefaultListableBeanFactory.java:1207)
	at org.springframework.beans.factory.support.ConstructorResolver.resolveAutowiredArgument(ConstructorResolver.java:885)
	at org.springframework.beans.factory.support.ConstructorResolver.createArgumentArray(ConstructorResolver.java:789)
	... 83 common frames omitted
]]></system-out>
  </testcase>
</testsuite>